Mono path[0] = 'C:/Users/dam201/Potion.Permit/Potion Permit_Data/Managed'
Mono config path = 'C:/Users/dam201/Potion.Permit/MonoBleedingEdge/etc'
Initialize engine version: 2020.1.1f1 (2285c3239188)
[Subsystems] Discovering subsystems at path C:/Users/dam201/Potion.Permit/Potion Permit_Data/UnitySubsystems
GfxDevice: creating device client; threaded=1
Direct3D:
    Version:  Direct3D 11.0 [level 11.1]
    Renderer: NVIDIA GeForce GTX 1050 (ID=0x1c81)
    Vendor:   
    VRAM:     1977 MB
    Driver:   30.0.15.1215
Begin MonoManager ReloadAssembly
- Completed reload, in  4.180 seconds
D3D11 device created for Microsoft Media Foundation video decoding.
<RI> Initializing input.
XInput1_3.dll not found. Trying XInput9_1_0.dll instead...
<RI> Input initialized.
<RI> Initialized touch support.
The referenced script (GogGalaxyManager) on this Behaviour is missing! 
(Filename:  Line: 198)

The referenced script on this Behaviour (Game Object 'GogGalaxyManager') is missing! 
(Filename:  Line: 334)

UnloadTime: 8.046500 ms
InControl (version 1.8.7 build 9372) 
(Filename: C:\buildslave\unity\build\Runtime/Export/Debug/Debug.bindings.h Line: 35)

[1331 - RemoteStorageFileWriteAsyncComplete] - k_EResultOK 
(Filename: C:\buildslave\unity\build\Runtime/Export/Debug/Debug.bindings.h Line: 35)

The referenced script on this Behaviour (Game Object 'CUTSCENE_CHEAT_LAYOUT') is missing! 
(Filename:  Line: 334)

The referenced script on this Behaviour (Game Object 'CUTSCENE_CHEAT_PAGE') is missing! 
(Filename:  Line: 334)

Unloading 6 Unused Serialized files (Serialized files now loaded: 38)
UnloadTime: 2.511300 ms
MEMORY MAX SCORE : 100 
(Filename: C:\buildslave\unity\build\Runtime/Export/Debug/Debug.bindings.h Line: 35)

SetSprite - Sprite not found in collection: BLANK 
(Filename: C:\buildslave\unity\build\Runtime/Export/Debug/Debug.bindings.h Line: 35)

SetSprite - Sprite not found in collection: BLANK 
(Filename: C:\buildslave\unity\build\Runtime/Export/Debug/Debug.bindings.h Line: 35)

SetSprite - Sprite not found in collection: BLANK 
(Filename: C:\buildslave\unity\build\Runtime/Export/Debug/Debug.bindings.h Line: 35)

SetSprite - Sprite not found in collection: BLANK 
(Filename: C:\buildslave\unity\build\Runtime/Export/Debug/Debug.bindings.h Line: 35)

SetSprite - Sprite not found in collection: BLANK 
(Filename: C:\buildslave\unity\build\Runtime/Export/Debug/Debug.bindings.h Line: 35)

SetSprite - Sprite not found in collection: BLANK 
(Filename: C:\buildslave\unity\build\Runtime/Export/Debug/Debug.bindings.h Line: 35)

SetSprite - Sprite not found in collection: BLANK 
(Filename: C:\buildslave\unity\build\Runtime/Export/Debug/Debug.bindings.h Line: 35)

SetSprite - Sprite not found in collection: BLANK 
(Filename: C:\buildslave\unity\build\Runtime/Export/Debug/Debug.bindings.h Line: 35)

SetSprite - Sprite not found in collection: BLANK 
(Filename: C:\buildslave\unity\build\Runtime/Export/Debug/Debug.bindings.h Line: 35)

SetSprite - Sprite not found in collection: BLANK 
(Filename: C:\buildslave\unity\build\Runtime/Export/Debug/Debug.bindings.h Line: 35)

SetSprite - Sprite not found in collection: BLANK 
(Filename: C:\buildslave\unity\build\Runtime/Export/Debug/Debug.bindings.h Line: 35)

SetSprite - Sprite not found in collection: BLANK 
(Filename: C:\buildslave\unity\build\Runtime/Export/Debug/Debug.bindings.h Line: 35)

SetSprite - Sprite not found in collection: BLANK 
(Filename: C:\buildslave\unity\build\Runtime/Export/Debug/Debug.bindings.h Line: 35)

SetSprite - Sprite not found in collection: BLANK 
(Filename: C:\buildslave\unity\build\Runtime/Export/Debug/Debug.bindings.h Line: 35)

SetSprite - Sprite not found in collection: BLANK 
(Filename: C:\buildslave\unity\build\Runtime/Export/Debug/Debug.bindings.h Line: 35)

SetSprite - Sprite not found in collection: BLANK 
(Filename: C:\buildslave\unity\build\Runtime/Export/Debug/Debug.bindings.h Line: 35)

SetSprite - Sprite not found in collection: BLANK 
(Filename: C:\buildslave\unity\build\Runtime/Export/Debug/Debug.bindings.h Line: 35)

SetSprite - Sprite not found in collection: BLANK 
(Filename: C:\buildslave\unity\build\Runtime/Export/Debug/Debug.bindings.h Line: 35)

SetSprite - Sprite not found in collection: BLANK 
(Filename: C:\buildslave\unity\build\Runtime/Export/Debug/Debug.bindings.h Line: 35)

SetSprite - Sprite not found in collection: BLANK 
(Filename: C:\buildslave\unity\build\Runtime/Export/Debug/Debug.bindings.h Line: 35)

SetSprite - Sprite not found in collection: BLANK 
(Filename: C:\buildslave\unity\build\Runtime/Export/Debug/Debug.bindings.h Line: 35)

SetSprite - Sprite not found in collection: BLANK 
(Filename: C:\buildslave\unity\build\Runtime/Export/Debug/Debug.bindings.h Line: 35)

SetSprite - Sprite not found in collection: BLANK 
(Filename: C:\buildslave\unity\build\Runtime/Export/Debug/Debug.bindings.h Line: 35)

SetSprite - Sprite not found in collection: BLANK 
(Filename: C:\buildslave\unity\build\Runtime/Export/Debug/Debug.bindings.h Line: 35)

SetSprite - Sprite not found in collection: BLANK 
(Filename: C:\buildslave\unity\build\Runtime/Export/Debug/Debug.bindings.h Line: 35)

SetSprite - Sprite not found in collection: BLANK 
(Filename: C:\buildslave\unity\build\Runtime/Export/Debug/Debug.bindings.h Line: 35)

SetSprite - Sprite not found in collection: BLANK 
(Filename: C:\buildslave\unity\build\Runtime/Export/Debug/Debug.bindings.h Line: 35)

SetSprite - Sprite not found in collection: BLANK 
(Filename: C:\buildslave\unity\build\Runtime/Export/Debug/Debug.bindings.h Line: 35)

SetSprite - Sprite not found in collection: BLANK 
(Filename: C:\buildslave\unity\build\Runtime/Export/Debug/Debug.bindings.h Line: 35)

SetSprite - Sprite not found in collection: BLANK 
(Filename: C:\buildslave\unity\build\Runtime/Export/Debug/Debug.bindings.h Line: 35)

SetSprite - Sprite not found in collection: BLANK 
(Filename: C:\buildslave\unity\build\Runtime/Export/Debug/Debug.bindings.h Line: 35)

SetSprite - Sprite not found in collection: BLANK 
(Filename: C:\buildslave\unity\build\Runtime/Export/Debug/Debug.bindings.h Line: 35)

SetSprite - Sprite not found in collection: BLANK 
(Filename: C:\buildslave\unity\build\Runtime/Export/Debug/Debug.bindings.h Line: 35)

SetSprite - Sprite not found in collection: BLANK 
(Filename: C:\buildslave\unity\build\Runtime/Export/Debug/Debug.bindings.h Line: 35)

SetSprite - Sprite not found in collection: BLANK 
(Filename: C:\buildslave\unity\build\Runtime/Export/Debug/Debug.bindings.h Line: 35)

SetSprite - Sprite not found in collection: BLANK 
(Filename: C:\buildslave\unity\build\Runtime/Export/Debug/Debug.bindings.h Line: 35)

SetSprite - Sprite not found in collection: BLANK 
(Filename: C:\buildslave\unity\build\Runtime/Export/Debug/Debug.bindings.h Line: 35)

SetSprite - Sprite not found in collection: BLANK 
(Filename: C:\buildslave\unity\build\Runtime/Export/Debug/Debug.bindings.h Line: 35)

SetSprite - Sprite not found in collection: BLANK 
(Filename: C:\buildslave\unity\build\Runtime/Export/Debug/Debug.bindings.h Line: 35)

SetSprite - Sprite not found in collection: BLANK 
(Filename: C:\buildslave\unity\build\Runtime/Export/Debug/Debug.bindings.h Line: 35)

CALL ON ALBUM UI 
(Filename: C:\buildslave\unity\build\Runtime/Export/Debug/Debug.bindings.h Line: 35)

SetSprite - Sprite not found in collection: BLANK 
(Filename: C:\buildslave\unity\build\Runtime/Export/Debug/Debug.bindings.h Line: 35)

SetSprite - Sprite not found in collection: BLANK 
(Filename: C:\buildslave\unity\build\Runtime/Export/Debug/Debug.bindings.h Line: 35)

SetSprite - Sprite not found in collection: BLANK 
(Filename: C:\buildslave\unity\build\Runtime/Export/Debug/Debug.bindings.h Line: 35)

SetSprite - Sprite not found in collection: BLANK 
(Filename: C:\buildslave\unity\build\Runtime/Export/Debug/Debug.bindings.h Line: 35)

SetSprite - Sprite not found in collection: BLANK 
(Filename: C:\buildslave\unity\build\Runtime/Export/Debug/Debug.bindings.h Line: 35)

SetSprite - Sprite not found in collection: BLANK 
(Filename: C:\buildslave\unity\build\Runtime/Export/Debug/Debug.bindings.h Line: 35)

SetSprite - Sprite not found in collection: BLANK 
(Filename: C:\buildslave\unity\build\Runtime/Export/Debug/Debug.bindings.h Line: 35)

SetSprite - Sprite not found in collection: BLANK 
(Filename: C:\buildslave\unity\build\Runtime/Export/Debug/Debug.bindings.h Line: 35)

SetSprite - Sprite not found in collection: BLANK 
(Filename: C:\buildslave\unity\build\Runtime/Export/Debug/Debug.bindings.h Line: 35)

SetSprite - Sprite not found in collection: BLANK 
(Filename: C:\buildslave\unity\build\Runtime/Export/Debug/Debug.bindings.h Line: 35)

SetSprite - Sprite not found in collection: BLANK 
(Filename: C:\buildslave\unity\build\Runtime/Export/Debug/Debug.bindings.h Line: 35)

SetSprite - Sprite not found in collection: BLANK 
(Filename: C:\buildslave\unity\build\Runtime/Export/Debug/Debug.bindings.h Line: 35)

SetSprite - Sprite not found in collection: BLANK 
(Filename: C:\buildslave\unity\build\Runtime/Export/Debug/Debug.bindings.h Line: 35)

SetSprite - Sprite not found in collection: BLANK 
(Filename: C:\buildslave\unity\build\Runtime/Export/Debug/Debug.bindings.h Line: 35)

SetSprite - Sprite not found in collection: BLANK 
(Filename: C:\buildslave\unity\build\Runtime/Export/Debug/Debug.bindings.h Line: 35)

SetSprite - Sprite not found in collection: BLANK 
(Filename: C:\buildslave\unity\build\Runtime/Export/Debug/Debug.bindings.h Line: 35)

SetSprite - Sprite not found in collection: BLANK 
(Filename: C:\buildslave\unity\build\Runtime/Export/Debug/Debug.bindings.h Line: 35)

SetSprite - Sprite not found in collection: BLANK 
(Filename: C:\buildslave\unity\build\Runtime/Export/Debug/Debug.bindings.h Line: 35)

SetSprite - Sprite not found in collection: BLANK 
(Filename: C:\buildslave\unity\build\Runtime/Export/Debug/Debug.bindings.h Line: 35)

SetSprite - Sprite not found in collection: BLANK 
(Filename: C:\buildslave\unity\build\Runtime/Export/Debug/Debug.bindings.h Line: 35)

SetSprite - Sprite not found in collection: BLANK 
(Filename: C:\buildslave\unity\build\Runtime/Export/Debug/Debug.bindings.h Line: 35)

SetSprite - Sprite not found in collection: BLANK 
(Filename: C:\buildslave\unity\build\Runtime/Export/Debug/Debug.bindings.h Line: 35)

SetSprite - Sprite not found in collection: BLANK 
(Filename: C:\buildslave\unity\build\Runtime/Export/Debug/Debug.bindings.h Line: 35)

SetSprite - Sprite not found in collection: BLANK 
(Filename: C:\buildslave\unity\build\Runtime/Export/Debug/Debug.bindings.h Line: 35)

SetSprite - Sprite not found in collection: BLANK 
(Filename: C:\buildslave\unity\build\Runtime/Export/Debug/Debug.bindings.h Line: 35)

SetSprite - Sprite not found in collection: BLANK 
(Filename: C:\buildslave\unity\build\Runtime/Export/Debug/Debug.bindings.h Line: 35)

SetSprite - Sprite not found in collection: BLANK 
(Filename: C:\buildslave\unity\build\Runtime/Export/Debug/Debug.bindings.h Line: 35)

SetSprite - Sprite not found in collection: BLANK 
(Filename: C:\buildslave\unity\build\Runtime/Export/Debug/Debug.bindings.h Line: 35)

SetSprite - Sprite not found in collection: BLANK 
(Filename: C:\buildslave\unity\build\Runtime/Export/Debug/Debug.bindings.h Line: 35)

SetSprite - Sprite not found in collection: BLANK 
(Filename: C:\buildslave\unity\build\Runtime/Export/Debug/Debug.bindings.h Line: 35)

SetSprite - Sprite not found in collection: BLANK 
(Filename: C:\buildslave\unity\build\Runtime/Export/Debug/Debug.bindings.h Line: 35)

SetSprite - Sprite not found in collection: BLANK 
(Filename: C:\buildslave\unity\build\Runtime/Export/Debug/Debug.bindings.h Line: 35)

SetSprite - Sprite not found in collection: BLANK 
(Filename: C:\buildslave\unity\build\Runtime/Export/Debug/Debug.bindings.h Line: 35)

SetSprite - Sprite not found in collection: BLANK 
(Filename: C:\buildslave\unity\build\Runtime/Export/Debug/Debug.bindings.h Line: 35)

SetSprite - Sprite not found in collection: BLANK 
(Filename: C:\buildslave\unity\build\Runtime/Export/Debug/Debug.bindings.h Line: 35)

SetSprite - Sprite not found in collection: BLANK 
(Filename: C:\buildslave\unity\build\Runtime/Export/Debug/Debug.bindings.h Line: 35)

SetSprite - Sprite not found in collection: BLANK 
(Filename: C:\buildslave\unity\build\Runtime/Export/Debug/Debug.bindings.h Line: 35)

SetSprite - Sprite not found in collection: BLANK 
(Filename: C:\buildslave\unity\build\Runtime/Export/Debug/Debug.bindings.h Line: 35)

SetSprite - Sprite not found in collection: BLANK 
(Filename: C:\buildslave\unity\build\Runtime/Export/Debug/Debug.bindings.h Line: 35)

SetSprite - Sprite not found in collection: BLANK 
(Filename: C:\buildslave\unity\build\Runtime/Export/Debug/Debug.bindings.h Line: 35)


Unloading 29 unused Assets to reduce memory usage. Loaded Objects now: 317922.
Total: 354.241200 ms (FindLiveObjects: 23.212900 ms CreateObjectMapping: 16.298600 ms MarkObjects: 314.417100 ms  DeleteObjects: 0.312100 ms)

CONTROL REFRESH! 
(Filename: C:\buildslave\unity\build\Runtime/Export/Debug/Debug.bindings.h Line: 35)

LOAD EVENT DATA 
(Filename: C:\buildslave\unity\build\Runtime/Export/Debug/Debug.bindings.h Line: 35)

FAST_TRAVEL_MEADOW_RANGE_02 / True 
(Filename: C:\buildslave\unity\build\Runtime/Export/Debug/Debug.bindings.h Line: 35)

ReleaseEnemyAndUpdateTempData_FIELD Field ID : CITY_CLIFF 
(Filename: C:\buildslave\unity\build\Runtime/Export/Debug/Debug.bindings.h Line: 35)

Fallback handler could not load library C:/Users/dam201/Potion.Permit/Potion Permit_Data/Mono/XInputInterface32
Fallback handler could not load library C:/Users/dam201/Potion.Permit/Potion Permit_Data/Mono/XInputInterface32.dll
Fallback handler could not load library C:/Users/dam201/Potion.Permit/Potion Permit_Data/Mono/XInputInterface32
Fallback handler could not load library C:/Users/dam201/Potion.Permit/Potion Permit_Data/Mono/libXInputInterface32
Fallback handler could not load library C:/Users/dam201/Potion.Permit/Potion Permit_Data/Mono/libXInputInterface32.dll
Fallback handler could not load library C:/Users/dam201/Potion.Permit/Potion Permit_Data/Mono/libXInputInterface32
RESOURCES FOUND : PLANT_CORN_0 / PLANT_CORN_0 
(Filename: C:\buildslave\unity\build\Runtime/Export/Debug/Debug.bindings.h Line: 35)

RESOURCES FOUND : PLANT_KONJAC_2 / PLANT_KONJAC_2 
(Filename: C:\buildslave\unity\build\Runtime/Export/Debug/Debug.bindings.h Line: 35)

RESOURCES FOUND : PLANT_KONJAC_0 / PLANT_KONJAC_0 
(Filename: C:\buildslave\unity\build\Runtime/Export/Debug/Debug.bindings.h Line: 35)

RESOURCES FOUND : PLANT_KONJAC_1 / PLANT_KONJAC_1 
(Filename: C:\buildslave\unity\build\Runtime/Export/Debug/Debug.bindings.h Line: 35)

RESOURCES FOUND : PLANT_KONJAC_0 / PLANT_KONJAC_0 
(Filename: C:\buildslave\unity\build\Runtime/Export/Debug/Debug.bindings.h Line: 35)

RESOURCES FOUND : PLANT_CORN_0 / PLANT_CORN_0 
(Filename: C:\buildslave\unity\build\Runtime/Export/Debug/Debug.bindings.h Line: 35)

ReleaseEnemyAndUpdateTempData_FIELD Field ID : GENERAL_FIELD_1 
(Filename: C:\buildslave\unity\build\Runtime/Export/Debug/Debug.bindings.h Line: 35)

ReleaseEnemyAndUpdateTempData_FIELD Field ID : GENERAL_FIELD_2 
(Filename: C:\buildslave\unity\build\Runtime/Export/Debug/Debug.bindings.h Line: 35)

ReleaseEnemyAndUpdateTempData_FIELD Field ID : SNOW_FIELD_1 
(Filename: C:\buildslave\unity\build\Runtime/Export/Debug/Debug.bindings.h Line: 35)

RESOURCES FOUND : PLANT_CORN_0 / PLANT_CORN_0 
(Filename: C:\buildslave\unity\build\Runtime/Export/Debug/Debug.bindings.h Line: 35)

WOOD / STONE RESOURCES ID : CURRENCY_WOOD_PIECE_A 
(Filename: C:\buildslave\unity\build\Runtime/Export/Debug/Debug.bindings.h Line: 35)

WOOD / STONE RESOURCES ID : CURRENCY_WOOD_PIECE_A 
(Filename: C:\buildslave\unity\build\Runtime/Export/Debug/Debug.bindings.h Line: 35)

WOOD / STONE RESOURCES ID : CURRENCY_WOOD_PIECE_A 
(Filename: C:\buildslave\unity\build\Runtime/Export/Debug/Debug.bindings.h Line: 35)

WOOD / STONE RESOURCES ID : CURRENCY_WOOD_PIECE_A 
(Filename: C:\buildslave\unity\build\Runtime/Export/Debug/Debug.bindings.h Line: 35)

WOOD / STONE RESOURCES ID : CURRENCY_WOOD_PIECE_A 
(Filename: C:\buildslave\unity\build\Runtime/Export/Debug/Debug.bindings.h Line: 35)

WOOD / STONE RESOURCES ID : CURRENCY_WOOD_PIECE_A 
(Filename: C:\buildslave\unity\build\Runtime/Export/Debug/Debug.bindings.h Line: 35)

WOOD / STONE RESOURCES ID : CURRENCY_WOOD_PIECE_A 
(Filename: C:\buildslave\unity\build\Runtime/Export/Debug/Debug.bindings.h Line: 35)

WOOD / STONE RESOURCES ID : CURRENCY_WOOD_PIECE_A 
(Filename: C:\buildslave\unity\build\Runtime/Export/Debug/Debug.bindings.h Line: 35)

WOOD / STONE RESOURCES ID : CURRENCY_WOOD_PIECE_A 
(Filename: C:\buildslave\unity\build\Runtime/Export/Debug/Debug.bindings.h Line: 35)

WOOD / STONE RESOURCES ID : CURRENCY_WOOD_PIECE_A 
(Filename: C:\buildslave\unity\build\Runtime/Export/Debug/Debug.bindings.h Line: 35)

RESOURCES FOUND : PLANT_CORN_0 / PLANT_CORN_0 
(Filename: C:\buildslave\unity\build\Runtime/Export/Debug/Debug.bindings.h Line: 35)

WOOD / STONE RESOURCES ID : CURRENCY_STONE_PIECE_B 
(Filename: C:\buildslave\unity\build\Runtime/Export/Debug/Debug.bindings.h Line: 35)

WOOD / STONE RESOURCES ID : CURRENCY_STONE_PIECE_B 
(Filename: C:\buildslave\unity\build\Runtime/Export/Debug/Debug.bindings.h Line: 35)

WOOD / STONE RESOURCES ID : CURRENCY_STONE_PIECE_B 
(Filename: C:\buildslave\unity\build\Runtime/Export/Debug/Debug.bindings.h Line: 35)

WOOD / STONE RESOURCES ID : CURRENCY_STONE_PIECE_B 
(Filename: C:\buildslave\unity\build\Runtime/Export/Debug/Debug.bindings.h Line: 35)

WOOD / STONE RESOURCES ID : CURRENCY_STONE_PIECE_B 
(Filename: C:\buildslave\unity\build\Runtime/Export/Debug/Debug.bindings.h Line: 35)

WOOD / STONE RESOURCES ID : CURRENCY_STONE_PIECE_B 
(Filename: C:\buildslave\unity\build\Runtime/Export/Debug/Debug.bindings.h Line: 35)

WOOD / STONE RESOURCES ID : CURRENCY_STONE_PIECE_A 
(Filename: C:\buildslave\unity\build\Runtime/Export/Debug/Debug.bindings.h Line: 35)

WOOD / STONE RESOURCES ID : CURRENCY_STONE_PIECE_B 
(Filename: C:\buildslave\unity\build\Runtime/Export/Debug/Debug.bindings.h Line: 35)

WOOD / STONE RESOURCES ID : CURRENCY_WOOD_PIECE_A 
(Filename: C:\buildslave\unity\build\Runtime/Export/Debug/Debug.bindings.h Line: 35)

WOOD / STONE RESOURCES ID : CURRENCY_WOOD_PIECE_A 
(Filename: C:\buildslave\unity\build\Runtime/Export/Debug/Debug.bindings.h Line: 35)

WOOD / STONE RESOURCES ID : CURRENCY_WOOD_PIECE_A 
(Filename: C:\buildslave\unity\build\Runtime/Export/Debug/Debug.bindings.h Line: 35)

WOOD / STONE RESOURCES ID : CURRENCY_WOOD_PIECE_A 
(Filename: C:\buildslave\unity\build\Runtime/Export/Debug/Debug.bindings.h Line: 35)

WOOD / STONE RESOURCES ID : CURRENCY_WOOD_PIECE_A 
(Filename: C:\buildslave\unity\build\Runtime/Export/Debug/Debug.bindings.h Line: 35)

WOOD / STONE RESOURCES ID : CURRENCY_WOOD_PIECE_A 
(Filename: C:\buildslave\unity\build\Runtime/Export/Debug/Debug.bindings.h Line: 35)

WOOD / STONE RESOURCES ID : CURRENCY_WOOD_PIECE_A 
(Filename: C:\buildslave\unity\build\Runtime/Export/Debug/Debug.bindings.h Line: 35)

WOOD / STONE RESOURCES ID : CURRENCY_WOOD_PIECE_A 
(Filename: C:\buildslave\unity\build\Runtime/Export/Debug/Debug.bindings.h Line: 35)

WOOD / STONE RESOURCES ID : CURRENCY_WOOD_PIECE_A 
(Filename: C:\buildslave\unity\build\Runtime/Export/Debug/Debug.bindings.h Line: 35)

WOOD / STONE RESOURCES ID : CURRENCY_WOOD_PIECE_A 
(Filename: C:\buildslave\unity\build\Runtime/Export/Debug/Debug.bindings.h Line: 35)

WOOD / STONE RESOURCES ID : CURRENCY_WOOD_PIECE_A 
(Filename: C:\buildslave\unity\build\Runtime/Export/Debug/Debug.bindings.h Line: 35)

WOOD / STONE RESOURCES ID : CURRENCY_WOOD_PIECE_A 
(Filename: C:\buildslave\unity\build\Runtime/Export/Debug/Debug.bindings.h Line: 35)

WOOD / STONE RESOURCES ID : CURRENCY_WOOD_PIECE_A 
(Filename: C:\buildslave\unity\build\Runtime/Export/Debug/Debug.bindings.h Line: 35)

WOOD / STONE RESOURCES ID : CURRENCY_WOOD_PIECE_A 
(Filename: C:\buildslave\unity\build\Runtime/Export/Debug/Debug.bindings.h Line: 35)

WOOD / STONE RESOURCES ID : CURRENCY_WOOD_PIECE_A 
(Filename: C:\buildslave\unity\build\Runtime/Export/Debug/Debug.bindings.h Line: 35)

WOOD / STONE RESOURCES ID : CURRENCY_WOOD_PIECE_A 
(Filename: C:\buildslave\unity\build\Runtime/Export/Debug/Debug.bindings.h Line: 35)

WOOD / STONE RESOURCES ID : CURRENCY_WOOD_PIECE_A 
(Filename: C:\buildslave\unity\build\Runtime/Export/Debug/Debug.bindings.h Line: 35)

WOOD / STONE RESOURCES ID : CURRENCY_WOOD_PIECE_A 
(Filename: C:\buildslave\unity\build\Runtime/Export/Debug/Debug.bindings.h Line: 35)

WOOD / STONE RESOURCES ID : CURRENCY_WOOD_PIECE_A 
(Filename: C:\buildslave\unity\build\Runtime/Export/Debug/Debug.bindings.h Line: 35)

WOOD / STONE RESOURCES ID : CURRENCY_WOOD_PIECE_A 
(Filename: C:\buildslave\unity\build\Runtime/Export/Debug/Debug.bindings.h Line: 35)

WOOD / STONE RESOURCES ID : CURRENCY_WOOD_PIECE_A 
(Filename: C:\buildslave\unity\build\Runtime/Export/Debug/Debug.bindings.h Line: 35)

WOOD / STONE RESOURCES ID : CURRENCY_WOOD_PIECE_A 
(Filename: C:\buildslave\unity\build\Runtime/Export/Debug/Debug.bindings.h Line: 35)

WOOD / STONE RESOURCES ID : CURRENCY_WOOD_PIECE_A 
(Filename: C:\buildslave\unity\build\Runtime/Export/Debug/Debug.bindings.h Line: 35)

WOOD / STONE RESOURCES ID : CURRENCY_WOOD_PIECE_A 
(Filename: C:\buildslave\unity\build\Runtime/Export/Debug/Debug.bindings.h Line: 35)

WOOD / STONE RESOURCES ID : CURRENCY_WOOD_PIECE_A 
(Filename: C:\buildslave\unity\build\Runtime/Export/Debug/Debug.bindings.h Line: 35)

WOOD / STONE RESOURCES ID : CURRENCY_WOOD_PIECE_A 
(Filename: C:\buildslave\unity\build\Runtime/Export/Debug/Debug.bindings.h Line: 35)

WOOD / STONE RESOURCES ID : CURRENCY_WOOD_PIECE_A 
(Filename: C:\buildslave\unity\build\Runtime/Export/Debug/Debug.bindings.h Line: 35)

WOOD / STONE RESOURCES ID : CURRENCY_WOOD_PIECE_A 
(Filename: C:\buildslave\unity\build\Runtime/Export/Debug/Debug.bindings.h Line: 35)

WOOD / STONE RESOURCES ID : CURRENCY_WOOD_PIECE_A 
(Filename: C:\buildslave\unity\build\Runtime/Export/Debug/Debug.bindings.h Line: 35)

WOOD / STONE RESOURCES ID : CURRENCY_WOOD_PIECE_A 
(Filename: C:\buildslave\unity\build\Runtime/Export/Debug/Debug.bindings.h Line: 35)

RESOURCES FOUND : PLANT_CORN_3 / PLANT_CORN_3 
(Filename: C:\buildslave\unity\build\Runtime/Export/Debug/Debug.bindings.h Line: 35)

WOOD / STONE RESOURCES ID : CURRENCY_WOOD_PIECE_A 
(Filename: C:\buildslave\unity\build\Runtime/Export/Debug/Debug.bindings.h Line: 35)

WOOD / STONE RESOURCES ID : CURRENCY_WOOD_PIECE_A 
(Filename: C:\buildslave\unity\build\Runtime/Export/Debug/Debug.bindings.h Line: 35)

WOOD / STONE RESOURCES ID : CURRENCY_WOOD_PIECE_A 
(Filename: C:\buildslave\unity\build\Runtime/Export/Debug/Debug.bindings.h Line: 35)

WOOD / STONE RESOURCES ID : CURRENCY_WOOD_PIECE_A 
(Filename: C:\buildslave\unity\build\Runtime/Export/Debug/Debug.bindings.h Line: 35)

WOOD / STONE RESOURCES ID : CURRENCY_WOOD_PIECE_A 
(Filename: C:\buildslave\unity\build\Runtime/Export/Debug/Debug.bindings.h Line: 35)

WOOD / STONE RESOURCES ID : CURRENCY_WOOD_PIECE_A 
(Filename: C:\buildslave\unity\build\Runtime/Export/Debug/Debug.bindings.h Line: 35)

WOOD / STONE RESOURCES ID : CURRENCY_WOOD_PIECE_A 
(Filename: C:\buildslave\unity\build\Runtime/Export/Debug/Debug.bindings.h Line: 35)

WOOD / STONE RESOURCES ID : CURRENCY_WOOD_PIECE_A 
(Filename: C:\buildslave\unity\build\Runtime/Export/Debug/Debug.bindings.h Line: 35)

WOOD / STONE RESOURCES ID : CURRENCY_WOOD_PIECE_A 
(Filename: C:\buildslave\unity\build\Runtime/Export/Debug/Debug.bindings.h Line: 35)

WOOD / STONE RESOURCES ID : CURRENCY_WOOD_PIECE_A 
(Filename: C:\buildslave\unity\build\Runtime/Export/Debug/Debug.bindings.h Line: 35)

WOOD / STONE RESOURCES ID : CURRENCY_WOOD_PIECE_A 
(Filename: C:\buildslave\unity\build\Runtime/Export/Debug/Debug.bindings.h Line: 35)

WOOD / STONE RESOURCES ID : CURRENCY_WOOD_PIECE_A 
(Filename: C:\buildslave\unity\build\Runtime/Export/Debug/Debug.bindings.h Line: 35)

WOOD / STONE RESOURCES ID : CURRENCY_WOOD_PIECE_A 
(Filename: C:\buildslave\unity\build\Runtime/Export/Debug/Debug.bindings.h Line: 35)

WOOD / STONE RESOURCES ID : CURRENCY_WOOD_PIECE_A 
(Filename: C:\buildslave\unity\build\Runtime/Export/Debug/Debug.bindings.h Line: 35)

WOOD / STONE RESOURCES ID : CURRENCY_WOOD_PIECE_A 
(Filename: C:\buildslave\unity\build\Runtime/Export/Debug/Debug.bindings.h Line: 35)

WOOD / STONE RESOURCES ID : CURRENCY_WOOD_PIECE_A 
(Filename: C:\buildslave\unity\build\Runtime/Export/Debug/Debug.bindings.h Line: 35)

WOOD / STONE RESOURCES ID : CURRENCY_WOOD_PIECE_A 
(Filename: C:\buildslave\unity\build\Runtime/Export/Debug/Debug.bindings.h Line: 35)

WOOD / STONE RESOURCES ID : CURRENCY_WOOD_PIECE_A 
(Filename: C:\buildslave\unity\build\Runtime/Export/Debug/Debug.bindings.h Line: 35)

RESOURCES FOUND : PLANT_LAVENDER_3 / PLANT_LAVENDER_3 
(Filename: C:\buildslave\unity\build\Runtime/Export/Debug/Debug.bindings.h Line: 35)

WOOD / STONE RESOURCES ID : CURRENCY_WOOD_PIECE_A 
(Filename: C:\buildslave\unity\build\Runtime/Export/Debug/Debug.bindings.h Line: 35)

WOOD / STONE RESOURCES ID : CURRENCY_WOOD_PIECE_A 
(Filename: C:\buildslave\unity\build\Runtime/Export/Debug/Debug.bindings.h Line: 35)

WOOD / STONE RESOURCES ID : CURRENCY_WOOD_PIECE_A 
(Filename: C:\buildslave\unity\build\Runtime/Export/Debug/Debug.bindings.h Line: 35)

WOOD / STONE RESOURCES ID : CURRENCY_WOOD_PIECE_A 
(Filename: C:\buildslave\unity\build\Runtime/Export/Debug/Debug.bindings.h Line: 35)

WOOD / STONE RESOURCES ID : CURRENCY_WOOD_PIECE_A 
(Filename: C:\buildslave\unity\build\Runtime/Export/Debug/Debug.bindings.h Line: 35)

WOOD / STONE RESOURCES ID : CURRENCY_WOOD_PIECE_A 
(Filename: C:\buildslave\unity\build\Runtime/Export/Debug/Debug.bindings.h Line: 35)

WOOD / STONE RESOURCES ID : CURRENCY_WOOD_PIECE_A 
(Filename: C:\buildslave\unity\build\Runtime/Export/Debug/Debug.bindings.h Line: 35)

WOOD / STONE RESOURCES ID : CURRENCY_WOOD_PIECE_A 
(Filename: C:\buildslave\unity\build\Runtime/Export/Debug/Debug.bindings.h Line: 35)

WOOD / STONE RESOURCES ID : CURRENCY_WOOD_PIECE_A 
(Filename: C:\buildslave\unity\build\Runtime/Export/Debug/Debug.bindings.h Line: 35)

WOOD / STONE RESOURCES ID : CURRENCY_WOOD_PIECE_A 
(Filename: C:\buildslave\unity\build\Runtime/Export/Debug/Debug.bindings.h Line: 35)

WOOD / STONE RESOURCES ID : CURRENCY_WOOD_PIECE_A 
(Filename: C:\buildslave\unity\build\Runtime/Export/Debug/Debug.bindings.h Line: 35)

WOOD / STONE RESOURCES ID : CURRENCY_WOOD_PIECE_A 
(Filename: C:\buildslave\unity\build\Runtime/Export/Debug/Debug.bindings.h Line: 35)

RESOURCES FOUND : PLANT_LAVENDER_0 / PLANT_LAVENDER_0 
(Filename: C:\buildslave\unity\build\Runtime/Export/Debug/Debug.bindings.h Line: 35)

WOOD / STONE RESOURCES ID : CURRENCY_WOOD_PIECE_B 
(Filename: C:\buildslave\unity\build\Runtime/Export/Debug/Debug.bindings.h Line: 35)

WOOD / STONE RESOURCES ID : CURRENCY_WOOD_PIECE_B 
(Filename: C:\buildslave\unity\build\Runtime/Export/Debug/Debug.bindings.h Line: 35)

WOOD / STONE RESOURCES ID : CURRENCY_WOOD_PIECE_B 
(Filename: C:\buildslave\unity\build\Runtime/Export/Debug/Debug.bindings.h Line: 35)

WOOD / STONE RESOURCES ID : CURRENCY_WOOD_PIECE_B 
(Filename: C:\buildslave\unity\build\Runtime/Export/Debug/Debug.bindings.h Line: 35)

MATERIAL : FOOD_APPLE_JUICE - 6 
(Filename: C:\buildslave\unity\build\Runtime/Export/Debug/Debug.bindings.h Line: 35)

MATERIAL : FOOD_HONEY - 9 
(Filename: C:\buildslave\unity\build\Runtime/Export/Debug/Debug.bindings.h Line: 35)

MATERIAL : FOOD_MUSHROOM_SOUP - 1 
(Filename: C:\buildslave\unity\build\Runtime/Export/Debug/Debug.bindings.h Line: 35)

MATERIAL : FOOD_MILKSHAKE - 1 
(Filename: C:\buildslave\unity\build\Runtime/Export/Debug/Debug.bindings.h Line: 35)

MATERIAL : FOOD_GINGER - 11 
(Filename: C:\buildslave\unity\build\Runtime/Export/Debug/Debug.bindings.h Line: 35)

MATERIAL : FOOD_CORN - 7 
(Filename: C:\buildslave\unity\build\Runtime/Export/Debug/Debug.bindings.h Line: 35)

MATERIAL : FOOD_APPLE_JUICE - 6 
(Filename: C:\buildslave\unity\build\Runtime/Export/Debug/Debug.bindings.h Line: 35)

MATERIAL : FOOD_HONEY - 9 
(Filename: C:\buildslave\unity\build\Runtime/Export/Debug/Debug.bindings.h Line: 35)

MATERIAL : FOOD_MUSHROOM_SOUP - 1 
(Filename: C:\buildslave\unity\build\Runtime/Export/Debug/Debug.bindings.h Line: 35)

MATERIAL : FOOD_MILKSHAKE - 1 
(Filename: C:\buildslave\unity\build\Runtime/Export/Debug/Debug.bindings.h Line: 35)

MATERIAL : FOOD_GINGER - 11 
(Filename: C:\buildslave\unity\build\Runtime/Export/Debug/Debug.bindings.h Line: 35)

MATERIAL : FOOD_CORN - 7 
(Filename: C:\buildslave\unity\build\Runtime/Export/Debug/Debug.bindings.h Line: 35)

WOOD / STONE RESOURCES ID : CURRENCY_WOOD_PIECE_B 
(Filename: C:\buildslave\unity\build\Runtime/Export/Debug/Debug.bindings.h Line: 35)

RESOURCES FOUND : PLANT_CORN_2 / PLANT_CORN_2 
(Filename: C:\buildslave\unity\build\Runtime/Export/Debug/Debug.bindings.h Line: 35)

RESOURCES FOUND : PLANT_LAVENDER_1 / PLANT_LAVENDER_1 
(Filename: C:\buildslave\unity\build\Runtime/Export/Debug/Debug.bindings.h Line: 35)

WOOD / STONE RESOURCES ID : CURRENCY_WOOD_PIECE_A 
(Filename: C:\buildslave\unity\build\Runtime/Export/Debug/Debug.bindings.h Line: 35)

WOOD / STONE RESOURCES ID : CURRENCY_WOOD_PIECE_A 
(Filename: C:\buildslave\unity\build\Runtime/Export/Debug/Debug.bindings.h Line: 35)

WOOD / STONE RESOURCES ID : CURRENCY_WOOD_PIECE_A 
(Filename: C:\buildslave\unity\build\Runtime/Export/Debug/Debug.bindings.h Line: 35)

WOOD / STONE RESOURCES ID : CURRENCY_WOOD_PIECE_A 
(Filename: C:\buildslave\unity\build\Runtime/Export/Debug/Debug.bindings.h Line: 35)

WOOD / STONE RESOURCES ID : CURRENCY_WOOD_PIECE_A 
(Filename: C:\buildslave\unity\build\Runtime/Export/Debug/Debug.bindings.h Line: 35)

WOOD / STONE RESOURCES ID : CURRENCY_WOOD_PIECE_A 
(Filename: C:\buildslave\unity\build\Runtime/Export/Debug/Debug.bindings.h Line: 35)

WOOD / STONE RESOURCES ID : CURRENCY_WOOD_PIECE_A 
(Filename: C:\buildslave\unity\build\Runtime/Export/Debug/Debug.bindings.h Line: 35)

WOOD / STONE RESOURCES ID : CURRENCY_WOOD_PIECE_A 
(Filename: C:\buildslave\unity\build\Runtime/Export/Debug/Debug.bindings.h Line: 35)

WOOD / STONE RESOURCES ID : CURRENCY_WOOD_PIECE_A 
(Filename: C:\buildslave\unity\build\Runtime/Export/Debug/Debug.bindings.h Line: 35)

WOOD / STONE RESOURCES ID : CURRENCY_WOOD_PIECE_A 
(Filename: C:\buildslave\unity\build\Runtime/Export/Debug/Debug.bindings.h Line: 35)

WOOD / STONE RESOURCES ID : CURRENCY_WOOD_PIECE_A 
(Filename: C:\buildslave\unity\build\Runtime/Export/Debug/Debug.bindings.h Line: 35)

WOOD / STONE RESOURCES ID : CURRENCY_WOOD_PIECE_A 
(Filename: C:\buildslave\unity\build\Runtime/Export/Debug/Debug.bindings.h Line: 35)

WOOD / STONE RESOURCES ID : CURRENCY_WOOD_PIECE_A 
(Filename: C:\buildslave\unity\build\Runtime/Export/Debug/Debug.bindings.h Line: 35)

RESOURCES FOUND : PLANT_CORN_2 / PLANT_CORN_2 
(Filename: C:\buildslave\unity\build\Runtime/Export/Debug/Debug.bindings.h Line: 35)

WOOD / STONE RESOURCES ID : CURRENCY_WOOD_PIECE_A 
(Filename: C:\buildslave\unity\build\Runtime/Export/Debug/Debug.bindings.h Line: 35)

WOOD / STONE RESOURCES ID : CURRENCY_WOOD_PIECE_A 
(Filename: C:\buildslave\unity\build\Runtime/Export/Debug/Debug.bindings.h Line: 35)

RESOURCES FOUND : PLANT_CORN_2 / PLANT_CORN_2 
(Filename: C:\buildslave\unity\build\Runtime/Export/Debug/Debug.bindings.h Line: 35)

WOOD / STONE RESOURCES ID : CURRENCY_WOOD_PIECE_A 
(Filename: C:\buildslave\unity\build\Runtime/Export/Debug/Debug.bindings.h Line: 35)

WOOD / STONE RESOURCES ID : CURRENCY_WOOD_PIECE_A 
(Filename: C:\buildslave\unity\build\Runtime/Export/Debug/Debug.bindings.h Line: 35)

WOOD / STONE RESOURCES ID : CURRENCY_WOOD_PIECE_A 
(Filename: C:\buildslave\unity\build\Runtime/Export/Debug/Debug.bindings.h Line: 35)

WOOD / STONE RESOURCES ID : CURRENCY_WOOD_PIECE_A 
(Filename: C:\buildslave\unity\build\Runtime/Export/Debug/Debug.bindings.h Line: 35)

WOOD / STONE RESOURCES ID : CURRENCY_WOOD_PIECE_A 
(Filename: C:\buildslave\unity\build\Runtime/Export/Debug/Debug.bindings.h Line: 35)

RESOURCES FOUND : PLANT_LAVENDER_2 / PLANT_LAVENDER_2 
(Filename: C:\buildslave\unity\build\Runtime/Export/Debug/Debug.bindings.h Line: 35)

WOOD / STONE RESOURCES ID : CURRENCY_WOOD_PIECE_B 
(Filename: C:\buildslave\unity\build\Runtime/Export/Debug/Debug.bindings.h Line: 35)

WOOD / STONE RESOURCES ID : CURRENCY_WOOD_PIECE_B 
(Filename: C:\buildslave\unity\build\Runtime/Export/Debug/Debug.bindings.h Line: 35)

WOOD / STONE RESOURCES ID : CURRENCY_WOOD_PIECE_B 
(Filename: C:\buildslave\unity\build\Runtime/Export/Debug/Debug.bindings.h Line: 35)

WOOD / STONE RESOURCES ID : CURRENCY_WOOD_PIECE_B 
(Filename: C:\buildslave\unity\build\Runtime/Export/Debug/Debug.bindings.h Line: 35)

WOOD / STONE RESOURCES ID : CURRENCY_WOOD_PIECE_B 
(Filename: C:\buildslave\unity\build\Runtime/Export/Debug/Debug.bindings.h Line: 35)

RESOURCES FOUND : PLANT_LAVENDER_1 / PLANT_LAVENDER_1 
(Filename: C:\buildslave\unity\build\Runtime/Export/Debug/Debug.bindings.h Line: 35)

RESOURCES FOUND : PLANT_CORN_2 / PLANT_CORN_2 
(Filename: C:\buildslave\unity\build\Runtime/Export/Debug/Debug.bindings.h Line: 35)

RESOURCES FOUND : PLANT_RAINBOWDEW_2 / PLANT_RAINBOWDEW_2 
(Filename: C:\buildslave\unity\build\Runtime/Export/Debug/Debug.bindings.h Line: 35)

RESOURCES FOUND : PLANT_RAINBOWDEW_2 / PLANT_RAINBOWDEW_2 
(Filename: C:\buildslave\unity\build\Runtime/Export/Debug/Debug.bindings.h Line: 35)

RESOURCES FOUND : PLANT_RAINBOWDEW_0 / PLANT_RAINBOWDEW_0 
(Filename: C:\buildslave\unity\build\Runtime/Export/Debug/Debug.bindings.h Line: 35)

RESOURCES FOUND : PLANT_RAINBOWDEW_1 / PLANT_RAINBOWDEW_1 
(Filename: C:\buildslave\unity\build\Runtime/Export/Debug/Debug.bindings.h Line: 35)

WOOD / STONE RESOURCES ID : CURRENCY_WOOD_PIECE_A 
(Filename: C:\buildslave\unity\build\Runtime/Export/Debug/Debug.bindings.h Line: 35)

WOOD / STONE RESOURCES ID : CURRENCY_WOOD_PIECE_A 
(Filename: C:\buildslave\unity\build\Runtime/Export/Debug/Debug.bindings.h Line: 35)

WOOD / STONE RESOURCES ID : CURRENCY_WOOD_PIECE_A 
(Filename: C:\buildslave\unity\build\Runtime/Export/Debug/Debug.bindings.h Line: 35)

WOOD / STONE RESOURCES ID : CURRENCY_WOOD_PIECE_A 
(Filename: C:\buildslave\unity\build\Runtime/Export/Debug/Debug.bindings.h Line: 35)

WOOD / STONE RESOURCES ID : CURRENCY_WOOD_PIECE_A 
(Filename: C:\buildslave\unity\build\Runtime/Export/Debug/Debug.bindings.h Line: 35)

WOOD / STONE RESOURCES ID : CURRENCY_WOOD_PIECE_A 
(Filename: C:\buildslave\unity\build\Runtime/Export/Debug/Debug.bindings.h Line: 35)

WOOD / STONE RESOURCES ID : CURRENCY_WOOD_PIECE_A 
(Filename: C:\buildslave\unity\build\Runtime/Export/Debug/Debug.bindings.h Line: 35)

WOOD / STONE RESOURCES ID : CURRENCY_WOOD_PIECE_A 
(Filename: C:\buildslave\unity\build\Runtime/Export/Debug/Debug.bindings.h Line: 35)

WOOD / STONE RESOURCES ID : CURRENCY_WOOD_PIECE_A 
(Filename: C:\buildslave\unity\build\Runtime/Export/Debug/Debug.bindings.h Line: 35)

WOOD / STONE RESOURCES ID : CURRENCY_WOOD_PIECE_A 
(Filename: C:\buildslave\unity\build\Runtime/Export/Debug/Debug.bindings.h Line: 35)

MC_HOUSE / True 
(Filename: C:\buildslave\unity\build\Runtime/Export/Debug/Debug.bindings.h Line: 35)

ReleaseEnemyAndUpdateTempData_FIELD Field ID : GENERAL_FIELD_1 
(Filename: C:\buildslave\unity\build\Runtime/Export/Debug/Debug.bindings.h Line: 35)

ReleaseEnemyAndUpdateTempData_FIELD Field ID : GENERAL_FIELD_2 
(Filename: C:\buildslave\unity\build\Runtime/Export/Debug/Debug.bindings.h Line: 35)

FAST_TRAVEL_MEADOW_RANGE_03 / True 
(Filename: C:\buildslave\unity\build\Runtime/Export/Debug/Debug.bindings.h Line: 35)

ReleaseEnemyAndUpdateTempData_FIELD Field ID : CITY_CLIFF 
(Filename: C:\buildslave\unity\build\Runtime/Export/Debug/Debug.bindings.h Line: 35)

RESOURCES FOUND : PLANT_SUNFLOWER_1 / PLANT_SUNFLOWER_1 
(Filename: C:\buildslave\unity\build\Runtime/Export/Debug/Debug.bindings.h Line: 35)

RESOURCES FOUND : PLANT_SUNFLOWER_1 / PLANT_SUNFLOWER_1 
(Filename: C:\buildslave\unity\build\Runtime/Export/Debug/Debug.bindings.h Line: 35)

WOOD / STONE RESOURCES ID : CURRENCY_WOOD_PIECE_A 
(Filename: C:\buildslave\unity\build\Runtime/Export/Debug/Debug.bindings.h Line: 35)

WOOD / STONE RESOURCES ID : CURRENCY_WOOD_PIECE_A 
(Filename: C:\buildslave\unity\build\Runtime/Export/Debug/Debug.bindings.h Line: 35)

WOOD / STONE RESOURCES ID : CURRENCY_WOOD_PIECE_A 
(Filename: C:\buildslave\unity\build\Runtime/Export/Debug/Debug.bindings.h Line: 35)

WOOD / STONE RESOURCES ID : CURRENCY_WOOD_PIECE_A 
(Filename: C:\buildslave\unity\build\Runtime/Export/Debug/Debug.bindings.h Line: 35)

WOOD / STONE RESOURCES ID : CURRENCY_WOOD_PIECE_A 
(Filename: C:\buildslave\unity\build\Runtime/Export/Debug/Debug.bindings.h Line: 35)

WOOD / STONE RESOURCES ID : CURRENCY_WOOD_PIECE_A 
(Filename: C:\buildslave\unity\build\Runtime/Export/Debug/Debug.bindings.h Line: 35)

WOOD / STONE RESOURCES ID : CURRENCY_WOOD_PIECE_A 
(Filename: C:\buildslave\unity\build\Runtime/Export/Debug/Debug.bindings.h Line: 35)

WOOD / STONE RESOURCES ID : CURRENCY_WOOD_PIECE_A 
(Filename: C:\buildslave\unity\build\Runtime/Export/Debug/Debug.bindings.h Line: 35)

WOOD / STONE RESOURCES ID : CURRENCY_WOOD_PIECE_A 
(Filename: C:\buildslave\unity\build\Runtime/Export/Debug/Debug.bindings.h Line: 35)

WOOD / STONE RESOURCES ID : CURRENCY_WOOD_PIECE_A 
(Filename: C:\buildslave\unity\build\Runtime/Export/Debug/Debug.bindings.h Line: 35)

RESOURCES FOUND : PLANT_SUNFLOWER_0 / PLANT_SUNFLOWER_0 
(Filename: C:\buildslave\unity\build\Runtime/Export/Debug/Debug.bindings.h Line: 35)

RESOURCES FOUND : PLANT_SUNFLOWER_0 / PLANT_SUNFLOWER_0 
(Filename: C:\buildslave\unity\build\Runtime/Export/Debug/Debug.bindings.h Line: 35)

WOOD / STONE RESOURCES ID : CURRENCY_WOOD_PIECE_A 
(Filename: C:\buildslave\unity\build\Runtime/Export/Debug/Debug.bindings.h Line: 35)

WOOD / STONE RESOURCES ID : CURRENCY_WOOD_PIECE_A 
(Filename: C:\buildslave\unity\build\Runtime/Export/Debug/Debug.bindings.h Line: 35)

WOOD / STONE RESOURCES ID : CURRENCY_WOOD_PIECE_A 
(Filename: C:\buildslave\unity\build\Runtime/Export/Debug/Debug.bindings.h Line: 35)

WOOD / STONE RESOURCES ID : CURRENCY_WOOD_PIECE_A 
(Filename: C:\buildslave\unity\build\Runtime/Export/Debug/Debug.bindings.h Line: 35)

WOOD / STONE RESOURCES ID : CURRENCY_WOOD_PIECE_A 
(Filename: C:\buildslave\unity\build\Runtime/Export/Debug/Debug.bindings.h Line: 35)

WOOD / STONE RESOURCES ID : CURRENCY_WOOD_PIECE_A 
(Filename: C:\buildslave\unity\build\Runtime/Export/Debug/Debug.bindings.h Line: 35)

WOOD / STONE RESOURCES ID : CURRENCY_WOOD_PIECE_A 
(Filename: C:\buildslave\unity\build\Runtime/Export/Debug/Debug.bindings.h Line: 35)

WOOD / STONE RESOURCES ID : CURRENCY_WOOD_PIECE_A 
(Filename: C:\buildslave\unity\build\Runtime/Export/Debug/Debug.bindings.h Line: 35)

WOOD / STONE RESOURCES ID : CURRENCY_WOOD_PIECE_A 
(Filename: C:\buildslave\unity\build\Runtime/Export/Debug/Debug.bindings.h Line: 35)

WOOD / STONE RESOURCES ID : CURRENCY_WOOD_PIECE_A 
(Filename: C:\buildslave\unity\build\Runtime/Export/Debug/Debug.bindings.h Line: 35)

RESOURCES FOUND : PLANT_SUNFLOWER_2 / PLANT_SUNFLOWER_2 
(Filename: C:\buildslave\unity\build\Runtime/Export/Debug/Debug.bindings.h Line: 35)

RESOURCES FOUND : PLANT_SUNFLOWER_0 / PLANT_SUNFLOWER_0 
(Filename: C:\buildslave\unity\build\Runtime/Export/Debug/Debug.bindings.h Line: 35)

RESOURCES FOUND : PLANT_SUNFLOWER_2 / PLANT_SUNFLOWER_2 
(Filename: C:\buildslave\unity\build\Runtime/Export/Debug/Debug.bindings.h Line: 35)

WOOD / STONE RESOURCES ID : CURRENCY_WOOD_PIECE_B 
(Filename: C:\buildslave\unity\build\Runtime/Export/Debug/Debug.bindings.h Line: 35)

WOOD / STONE RESOURCES ID : CURRENCY_WOOD_PIECE_B 
(Filename: C:\buildslave\unity\build\Runtime/Export/Debug/Debug.bindings.h Line: 35)

WOOD / STONE RESOURCES ID : CURRENCY_WOOD_PIECE_B 
(Filename: C:\buildslave\unity\build\Runtime/Export/Debug/Debug.bindings.h Line: 35)

WOOD / STONE RESOURCES ID : CURRENCY_WOOD_PIECE_B 
(Filename: C:\buildslave\unity\build\Runtime/Export/Debug/Debug.bindings.h Line: 35)

WOOD / STONE RESOURCES ID : CURRENCY_WOOD_PIECE_B 
(Filename: C:\buildslave\unity\build\Runtime/Export/Debug/Debug.bindings.h Line: 35)

RESOURCES FOUND : PLANT_SUNFLOWER_0 / PLANT_SUNFLOWER_0 
(Filename: C:\buildslave\unity\build\Runtime/Export/Debug/Debug.bindings.h Line: 35)

MC_HOUSE / True 
(Filename: C:\buildslave\unity\build\Runtime/Export/Debug/Debug.bindings.h Line: 35)

ReleaseEnemyAndUpdateTempData_FIELD Field ID : GENERAL_FIELD_1 
(Filename: C:\buildslave\unity\build\Runtime/Export/Debug/Debug.bindings.h Line: 35)

ReleaseEnemyAndUpdateTempData_FIELD Field ID : GENERAL_FIELD_2 
(Filename: C:\buildslave\unity\build\Runtime/Export/Debug/Debug.bindings.h Line: 35)

NullReferenceException: Object reference not set to an instance of an object
  at PotionCraftPuzzleLayout.CheckPiecePlacePos (System.Int32& _x, System.Int32& _y) [0x0004a] in <0cfa20b209d74ccc8816490a5a669bd4>:0 
  at PotionCraftPuzzleLayout.GetButtonOnNavigate (System.Int32 _x, System.Int32 _y) [0x00051] in <0cfa20b209d74ccc8816490a5a669bd4>:0 
  at ChemistCustomUI.Navigate (System.Int32 _x, System.Int32 _y) [0x00048] in <0cfa20b209d74ccc8816490a5a669bd4>:0 
  at PotionCraftUI.Navigate (System.Int32 _x, System.Int32 _y) [0x00010] in <0cfa20b209d74ccc8816490a5a669bd4>:0 
  at UIController.NavigateUI () [0x0013e] in <0cfa20b209d74ccc8816490a5a669bd4>:0 
  at UIController.Update () [0x00015] in <0cfa20b209d74ccc8816490a5a669bd4>:0 
 
(Filename: <0cfa20b209d74ccc8816490a5a669bd4> Line: 0)

[1331 - RemoteStorageFileWriteAsyncComplete] - k_EResultOK 
(Filename: C:\buildslave\unity\build\Runtime/Export/Debug/Debug.bindings.h Line: 35)

FAST_TRAVEL_MEADOW_RANGE_02 / True 
(Filename: C:\buildslave\unity\build\Runtime/Export/Debug/Debug.bindings.h Line: 35)

ReleaseEnemyAndUpdateTempData_FIELD Field ID : CITY_CLIFF 
(Filename: C:\buildslave\unity\build\Runtime/Export/Debug/Debug.bindings.h Line: 35)

RESOURCES FOUND : PLANT_CORN_0 / PLANT_CORN_0 
(Filename: C:\buildslave\unity\build\Runtime/Export/Debug/Debug.bindings.h Line: 35)

ReleaseEnemyAndUpdateTempData_FIELD Field ID : GENERAL_FIELD_1 
(Filename: C:\buildslave\unity\build\Runtime/Export/Debug/Debug.bindings.h Line: 35)

ReleaseEnemyAndUpdateTempData_FIELD Field ID : GENERAL_FIELD_2 
(Filename: C:\buildslave\unity\build\Runtime/Export/Debug/Debug.bindings.h Line: 35)

WOOD / STONE RESOURCES ID : CURRENCY_STONE_PIECE_B 
(Filename: C:\buildslave\unity\build\Runtime/Export/Debug/Debug.bindings.h Line: 35)

WOOD / STONE RESOURCES ID : CURRENCY_STONE_PIECE_B 
(Filename: C:\buildslave\unity\build\Runtime/Export/Debug/Debug.bindings.h Line: 35)

WOOD / STONE RESOURCES ID : CURRENCY_STONE_PIECE_B 
(Filename: C:\buildslave\unity\build\Runtime/Export/Debug/Debug.bindings.h Line: 35)

WOOD / STONE RESOURCES ID : CURRENCY_STONE_PIECE_B 
(Filename: C:\buildslave\unity\build\Runtime/Export/Debug/Debug.bindings.h Line: 35)

WOOD / STONE RESOURCES ID : CURRENCY_STONE_PIECE_A 
(Filename: C:\buildslave\unity\build\Runtime/Export/Debug/Debug.bindings.h Line: 35)

WOOD / STONE RESOURCES ID : CURRENCY_STONE_PIECE_B 
(Filename: C:\buildslave\unity\build\Runtime/Export/Debug/Debug.bindings.h Line: 35)

WOOD / STONE RESOURCES ID : CURRENCY_STONE_PIECE_B 
(Filename: C:\buildslave\unity\build\Runtime/Export/Debug/Debug.bindings.h Line: 35)

RESOURCES FOUND : PLANT_ORCHID_2 / PLANT_ORCHID_2 
(Filename: C:\buildslave\unity\build\Runtime/Export/Debug/Debug.bindings.h Line: 35)

WOOD / STONE RESOURCES ID : CURRENCY_WOOD_PIECE_B 
(Filename: C:\buildslave\unity\build\Runtime/Export/Debug/Debug.bindings.h Line: 35)

WOOD / STONE RESOURCES ID : CURRENCY_WOOD_PIECE_B 
(Filename: C:\buildslave\unity\build\Runtime/Export/Debug/Debug.bindings.h Line: 35)

WOOD / STONE RESOURCES ID : CURRENCY_WOOD_PIECE_B 
(Filename: C:\buildslave\unity\build\Runtime/Export/Debug/Debug.bindings.h Line: 35)

WOOD / STONE RESOURCES ID : CURRENCY_WOOD_PIECE_B 
(Filename: C:\buildslave\unity\build\Runtime/Export/Debug/Debug.bindings.h Line: 35)

WOOD / STONE RESOURCES ID : CURRENCY_WOOD_PIECE_B 
(Filename: C:\buildslave\unity\build\Runtime/Export/Debug/Debug.bindings.h Line: 35)

RESOURCES FOUND : PLANT_POTATO_0 / PLANT_POTATO_0 
(Filename: C:\buildslave\unity\build\Runtime/Export/Debug/Debug.bindings.h Line: 35)

RESOURCES FOUND : PLANT_POTATO_0 / PLANT_POTATO_0 
(Filename: C:\buildslave\unity\build\Runtime/Export/Debug/Debug.bindings.h Line: 35)

RESOURCES FOUND : PLANT_ORCHID_2 / PLANT_ORCHID_2 
(Filename: C:\buildslave\unity\build\Runtime/Export/Debug/Debug.bindings.h Line: 35)

RESOURCES FOUND : PLANT_SNOWBERRY_0 / PLANT_SNOWBERRY_0 
(Filename: C:\buildslave\unity\build\Runtime/Export/Debug/Debug.bindings.h Line: 35)

RESOURCES FOUND : PLANT_ORCHID_1 / PLANT_ORCHID_1 
(Filename: C:\buildslave\unity\build\Runtime/Export/Debug/Debug.bindings.h Line: 35)

RESOURCES FOUND : PLANT_ORCHID_0 / PLANT_ORCHID_0 
(Filename: C:\buildslave\unity\build\Runtime/Export/Debug/Debug.bindings.h Line: 35)

RESOURCES FOUND : PLANT_SNOWBERRY_3 / PLANT_SNOWBERRY_3 
(Filename: C:\buildslave\unity\build\Runtime/Export/Debug/Debug.bindings.h Line: 35)

RESOURCES FOUND : PLANT_POTATO_3 / PLANT_POTATO_3 
(Filename: C:\buildslave\unity\build\Runtime/Export/Debug/Debug.bindings.h Line: 35)

RESOURCES FOUND : PLANT_ROSE_1 / PLANT_ROSE_1 
(Filename: C:\buildslave\unity\build\Runtime/Export/Debug/Debug.bindings.h Line: 35)

RESOURCES FOUND : PLANT_ROSE_2 / PLANT_ROSE_2 
(Filename: C:\buildslave\unity\build\Runtime/Export/Debug/Debug.bindings.h Line: 35)

RESOURCES FOUND : PLANT_ROSE_0 / PLANT_ROSE_0 
(Filename: C:\buildslave\unity\build\Runtime/Export/Debug/Debug.bindings.h Line: 35)

RESOURCES FOUND : PLANT_ROSE_2 / PLANT_ROSE_2 
(Filename: C:\buildslave\unity\build\Runtime/Export/Debug/Debug.bindings.h Line: 35)

RESOURCES FOUND : PLANT_ROSE_0 / PLANT_ROSE_0 
(Filename: C:\buildslave\unity\build\Runtime/Export/Debug/Debug.bindings.h Line: 35)

RESOURCES FOUND : PLANT_SNOWBERRY_2 / PLANT_SNOWBERRY_2 
(Filename: C:\buildslave\unity\build\Runtime/Export/Debug/Debug.bindings.h Line: 35)

RESOURCES FOUND : PLANT_MARIGOLD_3 / PLANT_MARIGOLD_3 
(Filename: C:\buildslave\unity\build\Runtime/Export/Debug/Debug.bindings.h Line: 35)

RESOURCES FOUND : PLANT_POTATO_2 / PLANT_POTATO_2 
(Filename: C:\buildslave\unity\build\Runtime/Export/Debug/Debug.bindings.h Line: 35)

RESOURCES FOUND : PLANT_MARIGOLD_1 / PLANT_MARIGOLD_1 
(Filename: C:\buildslave\unity\build\Runtime/Export/Debug/Debug.bindings.h Line: 35)

RESOURCES FOUND : PLANT_SNOWBERRY_2 / PLANT_SNOWBERRY_2 
(Filename: C:\buildslave\unity\build\Runtime/Export/Debug/Debug.bindings.h Line: 35)

RESOURCES FOUND : PLANT_SNOWBERRY_1 / PLANT_SNOWBERRY_1 
(Filename: C:\buildslave\unity\build\Runtime/Export/Debug/Debug.bindings.h Line: 35)

MC_HOUSE / True 
(Filename: C:\buildslave\unity\build\Runtime/Export/Debug/Debug.bindings.h Line: 35)

ReleaseEnemyAndUpdateTempData_FIELD Field ID : SNOW_FIELD_1 
(Filename: C:\buildslave\unity\build\Runtime/Export/Debug/Debug.bindings.h Line: 35)

MATERIAL : FOOD_APPLE_JUICE - 6 
(Filename: C:\buildslave\unity\build\Runtime/Export/Debug/Debug.bindings.h Line: 35)

MATERIAL : FOOD_HONEY - 9 
(Filename: C:\buildslave\unity\build\Runtime/Export/Debug/Debug.bindings.h Line: 35)

MATERIAL : FOOD_MUSHROOM_SOUP - 1 
(Filename: C:\buildslave\unity\build\Runtime/Export/Debug/Debug.bindings.h Line: 35)

MATERIAL : FOOD_MILKSHAKE - 1 
(Filename: C:\buildslave\unity\build\Runtime/Export/Debug/Debug.bindings.h Line: 35)

MATERIAL : FOOD_GINGER - 13 
(Filename: C:\buildslave\unity\build\Runtime/Export/Debug/Debug.bindings.h Line: 35)

MATERIAL : FOOD_CORN - 6 
(Filename: C:\buildslave\unity\build\Runtime/Export/Debug/Debug.bindings.h Line: 35)

MATERIAL : FOOD_APPLE_JUICE - 6 
(Filename: C:\buildslave\unity\build\Runtime/Export/Debug/Debug.bindings.h Line: 35)

MATERIAL : FOOD_HONEY - 9 
(Filename: C:\buildslave\unity\build\Runtime/Export/Debug/Debug.bindings.h Line: 35)

MATERIAL : FOOD_MUSHROOM_SOUP - 1 
(Filename: C:\buildslave\unity\build\Runtime/Export/Debug/Debug.bindings.h Line: 35)

MATERIAL : FOOD_MILKSHAKE - 1 
(Filename: C:\buildslave\unity\build\Runtime/Export/Debug/Debug.bindings.h Line: 35)

MATERIAL : FOOD_GINGER - 13 
(Filename: C:\buildslave\unity\build\Runtime/Export/Debug/Debug.bindings.h Line: 35)

MATERIAL : FOOD_CORN - 6 
(Filename: C:\buildslave\unity\build\Runtime/Export/Debug/Debug.bindings.h Line: 35)

MC_HOUSE / True 
(Filename: C:\buildslave\unity\build\Runtime/Export/Debug/Debug.bindings.h Line: 35)

[1331 - RemoteStorageFileWriteAsyncComplete] - k_EResultOK 
(Filename: C:\buildslave\unity\build\Runtime/Export/Debug/Debug.bindings.h Line: 35)

MATERIAL : FOOD_APPLE_JUICE - 6 
(Filename: C:\buildslave\unity\build\Runtime/Export/Debug/Debug.bindings.h Line: 35)

MATERIAL : FOOD_HONEY - 8 
(Filename: C:\buildslave\unity\build\Runtime/Export/Debug/Debug.bindings.h Line: 35)

MATERIAL : FOOD_MUSHROOM_SOUP - 1 
(Filename: C:\buildslave\unity\build\Runtime/Export/Debug/Debug.bindings.h Line: 35)

MATERIAL : FOOD_MILKSHAKE - 1 
(Filename: C:\buildslave\unity\build\Runtime/Export/Debug/Debug.bindings.h Line: 35)

MATERIAL : FOOD_GINGER - 13 
(Filename: C:\buildslave\unity\build\Runtime/Export/Debug/Debug.bindings.h Line: 35)

MATERIAL : FOOD_CORN - 6 
(Filename: C:\buildslave\unity\build\Runtime/Export/Debug/Debug.bindings.h Line: 35)

MATERIAL : FOOD_APPLE_JUICE - 6 
(Filename: C:\buildslave\unity\build\Runtime/Export/Debug/Debug.bindings.h Line: 35)

MATERIAL : FOOD_HONEY - 8 
(Filename: C:\buildslave\unity\build\Runtime/Export/Debug/Debug.bindings.h Line: 35)

MATERIAL : FOOD_MUSHROOM_SOUP - 1 
(Filename: C:\buildslave\unity\build\Runtime/Export/Debug/Debug.bindings.h Line: 35)

MATERIAL : FOOD_MILKSHAKE - 1 
(Filename: C:\buildslave\unity\build\Runtime/Export/Debug/Debug.bindings.h Line: 35)

MATERIAL : FOOD_GINGER - 13 
(Filename: C:\buildslave\unity\build\Runtime/Export/Debug/Debug.bindings.h Line: 35)

MATERIAL : FOOD_CORN - 6 
(Filename: C:\buildslave\unity\build\Runtime/Export/Debug/Debug.bindings.h Line: 35)

FAST_TRAVEL_MOONBURY_TOWN_01 / True 
(Filename: C:\buildslave\unity\build\Runtime/Export/Debug/Debug.bindings.h Line: 35)

CHECK STACKING EVENT TIMING : AFTER - BEFORE 
(Filename: C:\buildslave\unity\build\Runtime/Export/Debug/Debug.bindings.h Line: 35)

CHECK STACKING EVENT TIMING : AFTER - AFTER 
(Filename: C:\buildslave\unity\build\Runtime/Export/Debug/Debug.bindings.h Line: 35)

CHECK STACKING EVENT TIMING : AFTER - AFTER 
(Filename: C:\buildslave\unity\build\Runtime/Export/Debug/Debug.bindings.h Line: 35)

TRIGGER EVENT FAILED : ANOTHER EVENT RUNNING 
(Filename: C:\buildslave\unity\build\Runtime/Export/Debug/Debug.bindings.h Line: 35)

FAST_TRAVEL_GLAZE_ICEBERG_01 / True 
(Filename: C:\buildslave\unity\build\Runtime/Export/Debug/Debug.bindings.h Line: 35)

ReleaseEnemyAndUpdateTempData_FIELD Field ID : CITY_CLIFF 
(Filename: C:\buildslave\unity\build\Runtime/Export/Debug/Debug.bindings.h Line: 35)

WOOD / STONE RESOURCES ID : CURRENCY_STONE_PIECE_B 
(Filename: C:\buildslave\unity\build\Runtime/Export/Debug/Debug.bindings.h Line: 35)

WOOD / STONE RESOURCES ID : CURRENCY_STONE_PIECE_B 
(Filename: C:\buildslave\unity\build\Runtime/Export/Debug/Debug.bindings.h Line: 35)

WOOD / STONE RESOURCES ID : CURRENCY_STONE_PIECE_A 
(Filename: C:\buildslave\unity\build\Runtime/Export/Debug/Debug.bindings.h Line: 35)

WOOD / STONE RESOURCES ID : CURRENCY_STONE_PIECE_B 
(Filename: C:\buildslave\unity\build\Runtime/Export/Debug/Debug.bindings.h Line: 35)

WOOD / STONE RESOURCES ID : CURRENCY_STONE_PIECE_B 
(Filename: C:\buildslave\unity\build\Runtime/Export/Debug/Debug.bindings.h Line: 35)

WOOD / STONE RESOURCES ID : CURRENCY_STONE_PIECE_B 
(Filename: C:\buildslave\unity\build\Runtime/Export/Debug/Debug.bindings.h Line: 35)

WOOD / STONE RESOURCES ID : CURRENCY_STONE_PIECE_B 
(Filename: C:\buildslave\unity\build\Runtime/Export/Debug/Debug.bindings.h Line: 35)

RESOURCES FOUND : PLANT_ORCHID_0 / PLANT_ORCHID_0 
(Filename: C:\buildslave\unity\build\Runtime/Export/Debug/Debug.bindings.h Line: 35)

WOOD / STONE RESOURCES ID : CURRENCY_STONE_PIECE_B 
(Filename: C:\buildslave\unity\build\Runtime/Export/Debug/Debug.bindings.h Line: 35)

WOOD / STONE RESOURCES ID : CURRENCY_STONE_PIECE_B 
(Filename: C:\buildslave\unity\build\Runtime/Export/Debug/Debug.bindings.h Line: 35)

WOOD / STONE RESOURCES ID : CURRENCY_STONE_PIECE_B 
(Filename: C:\buildslave\unity\build\Runtime/Export/Debug/Debug.bindings.h Line: 35)

WOOD / STONE RESOURCES ID : CURRENCY_STONE_PIECE_B 
(Filename: C:\buildslave\unity\build\Runtime/Export/Debug/Debug.bindings.h Line: 35)

WOOD / STONE RESOURCES ID : CURRENCY_STONE_PIECE_B 
(Filename: C:\buildslave\unity\build\Runtime/Export/Debug/Debug.bindings.h Line: 35)

WOOD / STONE RESOURCES ID : CURRENCY_STONE_PIECE_B 
(Filename: C:\buildslave\unity\build\Runtime/Export/Debug/Debug.bindings.h Line: 35)

WOOD / STONE RESOURCES ID : CURRENCY_STONE_PIECE_B 
(Filename: C:\buildslave\unity\build\Runtime/Export/Debug/Debug.bindings.h Line: 35)

RESOURCES FOUND : PLANT_ROSE_2 / PLANT_ROSE_2 
(Filename: C:\buildslave\unity\build\Runtime/Export/Debug/Debug.bindings.h Line: 35)

WOOD / STONE RESOURCES ID : CURRENCY_STONE_PIECE_B 
(Filename: C:\buildslave\unity\build\Runtime/Export/Debug/Debug.bindings.h Line: 35)

WOOD / STONE RESOURCES ID : CURRENCY_STONE_PIECE_B 
(Filename: C:\buildslave\unity\build\Runtime/Export/Debug/Debug.bindings.h Line: 35)

WOOD / STONE RESOURCES ID : CURRENCY_STONE_PIECE_B 
(Filename: C:\buildslave\unity\build\Runtime/Export/Debug/Debug.bindings.h Line: 35)

WOOD / STONE RESOURCES ID : CURRENCY_STONE_PIECE_B 
(Filename: C:\buildslave\unity\build\Runtime/Export/Debug/Debug.bindings.h Line: 35)

RESOURCES FOUND : PLANT_ROSE_2 / PLANT_ROSE_2 
(Filename: C:\buildslave\unity\build\Runtime/Export/Debug/Debug.bindings.h Line: 35)

WOOD / STONE RESOURCES ID : CURRENCY_STONE_PIECE_B 
(Filename: C:\buildslave\unity\build\Runtime/Export/Debug/Debug.bindings.h Line: 35)

WOOD / STONE RESOURCES ID : CURRENCY_STONE_PIECE_B 
(Filename: C:\buildslave\unity\build\Runtime/Export/Debug/Debug.bindings.h Line: 35)

WOOD / STONE RESOURCES ID : CURRENCY_STONE_PIECE_A 
(Filename: C:\buildslave\unity\build\Runtime/Export/Debug/Debug.bindings.h Line: 35)

WOOD / STONE RESOURCES ID : CURRENCY_STONE_PIECE_B 
(Filename: C:\buildslave\unity\build\Runtime/Export/Debug/Debug.bindings.h Line: 35)

RESOURCES FOUND : PLANT_ROSE_0 / PLANT_ROSE_0 
(Filename: C:\buildslave\unity\build\Runtime/Export/Debug/Debug.bindings.h Line: 35)

WOOD / STONE RESOURCES ID : CURRENCY_STONE_PIECE_C 
(Filename: C:\buildslave\unity\build\Runtime/Export/Debug/Debug.bindings.h Line: 35)

WOOD / STONE RESOURCES ID : CURRENCY_STONE_PIECE_C 
(Filename: C:\buildslave\unity\build\Runtime/Export/Debug/Debug.bindings.h Line: 35)

WOOD / STONE RESOURCES ID : CURRENCY_STONE_PIECE_C 
(Filename: C:\buildslave\unity\build\Runtime/Export/Debug/Debug.bindings.h Line: 35)

WOOD / STONE RESOURCES ID : CURRENCY_STONE_PIECE_C 
(Filename: C:\buildslave\unity\build\Runtime/Export/Debug/Debug.bindings.h Line: 35)

WOOD / STONE RESOURCES ID : CURRENCY_STONE_PIECE_C 
(Filename: C:\buildslave\unity\build\Runtime/Export/Debug/Debug.bindings.h Line: 35)

WOOD / STONE RESOURCES ID : CURRENCY_STONE_PIECE_C 
(Filename: C:\buildslave\unity\build\Runtime/Export/Debug/Debug.bindings.h Line: 35)

WOOD / STONE RESOURCES ID : CURRENCY_STONE_PIECE_C 
(Filename: C:\buildslave\unity\build\Runtime/Export/Debug/Debug.bindings.h Line: 35)

WOOD / STONE RESOURCES ID : CURRENCY_STONE_PIECE_C 
(Filename: C:\buildslave\unity\build\Runtime/Export/Debug/Debug.bindings.h Line: 35)

WOOD / STONE RESOURCES ID : CURRENCY_STONE_PIECE_C 
(Filename: C:\buildslave\unity\build\Runtime/Export/Debug/Debug.bindings.h Line: 35)

WOOD / STONE RESOURCES ID : CURRENCY_STONE_PIECE_C 
(Filename: C:\buildslave\unity\build\Runtime/Export/Debug/Debug.bindings.h Line: 35)

RESOURCES FOUND : PLANT_ROSE_2 / PLANT_ROSE_2 
(Filename: C:\buildslave\unity\build\Runtime/Export/Debug/Debug.bindings.h Line: 35)

RESOURCES FOUND : PLANT_ROSE_0 / PLANT_ROSE_0 
(Filename: C:\buildslave\unity\build\Runtime/Export/Debug/Debug.bindings.h Line: 35)

WOOD / STONE RESOURCES ID : CURRENCY_STONE_PIECE_B 
(Filename: C:\buildslave\unity\build\Runtime/Export/Debug/Debug.bindings.h Line: 35)

WOOD / STONE RESOURCES ID : CURRENCY_STONE_PIECE_B 
(Filename: C:\buildslave\unity\build\Runtime/Export/Debug/Debug.bindings.h Line: 35)

WOOD / STONE RESOURCES ID : CURRENCY_STONE_PIECE_B 
(Filename: C:\buildslave\unity\build\Runtime/Export/Debug/Debug.bindings.h Line: 35)

WOOD / STONE RESOURCES ID : CURRENCY_STONE_PIECE_B 
(Filename: C:\buildslave\unity\build\Runtime/Export/Debug/Debug.bindings.h Line: 35)

WOOD / STONE RESOURCES ID : CURRENCY_STONE_PIECE_B 
(Filename: C:\buildslave\unity\build\Runtime/Export/Debug/Debug.bindings.h Line: 35)

RESOURCES FOUND : PLANT_ROSE_2 / PLANT_ROSE_2 
(Filename: C:\buildslave\unity\build\Runtime/Export/Debug/Debug.bindings.h Line: 35)

WOOD / STONE RESOURCES ID : CURRENCY_STONE_PIECE_B 
(Filename: C:\buildslave\unity\build\Runtime/Export/Debug/Debug.bindings.h Line: 35)

WOOD / STONE RESOURCES ID : CURRENCY_STONE_PIECE_B 
(Filename: C:\buildslave\unity\build\Runtime/Export/Debug/Debug.bindings.h Line: 35)

WOOD / STONE RESOURCES ID : CURRENCY_STONE_PIECE_C 
(Filename: C:\buildslave\unity\build\Runtime/Export/Debug/Debug.bindings.h Line: 35)

WOOD / STONE RESOURCES ID : CURRENCY_STONE_PIECE_C 
(Filename: C:\buildslave\unity\build\Runtime/Export/Debug/Debug.bindings.h Line: 35)

WOOD / STONE RESOURCES ID : CURRENCY_STONE_PIECE_C 
(Filename: C:\buildslave\unity\build\Runtime/Export/Debug/Debug.bindings.h Line: 35)

WOOD / STONE RESOURCES ID : CURRENCY_STONE_PIECE_C 
(Filename: C:\buildslave\unity\build\Runtime/Export/Debug/Debug.bindings.h Line: 35)

WOOD / STONE RESOURCES ID : CURRENCY_STONE_PIECE_C 
(Filename: C:\buildslave\unity\build\Runtime/Export/Debug/Debug.bindings.h Line: 35)

WOOD / STONE RESOURCES ID : CURRENCY_STONE_PIECE_C 
(Filename: C:\buildslave\unity\build\Runtime/Export/Debug/Debug.bindings.h Line: 35)

WOOD / STONE RESOURCES ID : CURRENCY_STONE_PIECE_C 
(Filename: C:\buildslave\unity\build\Runtime/Export/Debug/Debug.bindings.h Line: 35)

WOOD / STONE RESOURCES ID : CURRENCY_STONE_PIECE_C 
(Filename: C:\buildslave\unity\build\Runtime/Export/Debug/Debug.bindings.h Line: 35)

WOOD / STONE RESOURCES ID : CURRENCY_STONE_PIECE_C 
(Filename: C:\buildslave\unity\build\Runtime/Export/Debug/Debug.bindings.h Line: 35)

WOOD / STONE RESOURCES ID : CURRENCY_STONE_PIECE_C 
(Filename: C:\buildslave\unity\build\Runtime/Export/Debug/Debug.bindings.h Line: 35)

RESOURCES FOUND : PLANT_POTATO_1 / PLANT_POTATO_1 
(Filename: C:\buildslave\unity\build\Runtime/Export/Debug/Debug.bindings.h Line: 35)

RESOURCES FOUND : PLANT_SNOWBERRY_1 / PLANT_SNOWBERRY_1 
(Filename: C:\buildslave\unity\build\Runtime/Export/Debug/Debug.bindings.h Line: 35)

WOOD / STONE RESOURCES ID : CURRENCY_STONE_PIECE_B 
(Filename: C:\buildslave\unity\build\Runtime/Export/Debug/Debug.bindings.h Line: 35)

WOOD / STONE RESOURCES ID : CURRENCY_STONE_PIECE_B 
(Filename: C:\buildslave\unity\build\Runtime/Export/Debug/Debug.bindings.h Line: 35)

WOOD / STONE RESOURCES ID : CURRENCY_STONE_PIECE_B 
(Filename: C:\buildslave\unity\build\Runtime/Export/Debug/Debug.bindings.h Line: 35)

WOOD / STONE RESOURCES ID : CURRENCY_STONE_PIECE_A 
(Filename: C:\buildslave\unity\build\Runtime/Export/Debug/Debug.bindings.h Line: 35)

WOOD / STONE RESOURCES ID : CURRENCY_STONE_PIECE_B 
(Filename: C:\buildslave\unity\build\Runtime/Export/Debug/Debug.bindings.h Line: 35)

WOOD / STONE RESOURCES ID : CURRENCY_STONE_PIECE_B 
(Filename: C:\buildslave\unity\build\Runtime/Export/Debug/Debug.bindings.h Line: 35)

WOOD / STONE RESOURCES ID : CURRENCY_STONE_PIECE_B 
(Filename: C:\buildslave\unity\build\Runtime/Export/Debug/Debug.bindings.h Line: 35)

RESOURCES FOUND : PLANT_SNOWBERRY_2 / PLANT_SNOWBERRY_2 
(Filename: C:\buildslave\unity\build\Runtime/Export/Debug/Debug.bindings.h Line: 35)

WOOD / STONE RESOURCES ID : CURRENCY_STONE_PIECE_C 
(Filename: C:\buildslave\unity\build\Runtime/Export/Debug/Debug.bindings.h Line: 35)

WOOD / STONE RESOURCES ID : CURRENCY_STONE_PIECE_C 
(Filename: C:\buildslave\unity\build\Runtime/Export/Debug/Debug.bindings.h Line: 35)

WOOD / STONE RESOURCES ID : CURRENCY_STONE_PIECE_C 
(Filename: C:\buildslave\unity\build\Runtime/Export/Debug/Debug.bindings.h Line: 35)

WOOD / STONE RESOURCES ID : CURRENCY_STONE_PIECE_C 
(Filename: C:\buildslave\unity\build\Runtime/Export/Debug/Debug.bindings.h Line: 35)

WOOD / STONE RESOURCES ID : CURRENCY_STONE_PIECE_C 
(Filename: C:\buildslave\unity\build\Runtime/Export/Debug/Debug.bindings.h Line: 35)

WOOD / STONE RESOURCES ID : CURRENCY_STONE_PIECE_C 
(Filename: C:\buildslave\unity\build\Runtime/Export/Debug/Debug.bindings.h Line: 35)

WOOD / STONE RESOURCES ID : CURRENCY_STONE_PIECE_C 
(Filename: C:\buildslave\unity\build\Runtime/Export/Debug/Debug.bindings.h Line: 35)

WOOD / STONE RESOURCES ID : CURRENCY_STONE_PIECE_C 
(Filename: C:\buildslave\unity\build\Runtime/Export/Debug/Debug.bindings.h Line: 35)

WOOD / STONE RESOURCES ID : CURRENCY_STONE_PIECE_C 
(Filename: C:\buildslave\unity\build\Runtime/Export/Debug/Debug.bindings.h Line: 35)

WOOD / STONE RESOURCES ID : CURRENCY_STONE_PIECE_C 
(Filename: C:\buildslave\unity\build\Runtime/Export/Debug/Debug.bindings.h Line: 35)

RESOURCES FOUND : PLANT_MARIGOLD_3 / PLANT_MARIGOLD_3 
(Filename: C:\buildslave\unity\build\Runtime/Export/Debug/Debug.bindings.h Line: 35)

WOOD / STONE RESOURCES ID : CURRENCY_STONE_PIECE_C 
(Filename: C:\buildslave\unity\build\Runtime/Export/Debug/Debug.bindings.h Line: 35)

WOOD / STONE RESOURCES ID : CURRENCY_STONE_PIECE_C 
(Filename: C:\buildslave\unity\build\Runtime/Export/Debug/Debug.bindings.h Line: 35)

WOOD / STONE RESOURCES ID : CURRENCY_STONE_PIECE_C 
(Filename: C:\buildslave\unity\build\Runtime/Export/Debug/Debug.bindings.h Line: 35)

WOOD / STONE RESOURCES ID : CURRENCY_STONE_PIECE_C 
(Filename: C:\buildslave\unity\build\Runtime/Export/Debug/Debug.bindings.h Line: 35)

WOOD / STONE RESOURCES ID : CURRENCY_STONE_PIECE_C 
(Filename: C:\buildslave\unity\build\Runtime/Export/Debug/Debug.bindings.h Line: 35)

WOOD / STONE RESOURCES ID : CURRENCY_STONE_PIECE_C 
(Filename: C:\buildslave\unity\build\Runtime/Export/Debug/Debug.bindings.h Line: 35)

WOOD / STONE RESOURCES ID : CURRENCY_STONE_PIECE_C 
(Filename: C:\buildslave\unity\build\Runtime/Export/Debug/Debug.bindings.h Line: 35)

WOOD / STONE RESOURCES ID : CURRENCY_STONE_PIECE_C 
(Filename: C:\buildslave\unity\build\Runtime/Export/Debug/Debug.bindings.h Line: 35)

WOOD / STONE RESOURCES ID : CURRENCY_STONE_PIECE_C 
(Filename: C:\buildslave\unity\build\Runtime/Export/Debug/Debug.bindings.h Line: 35)

WOOD / STONE RESOURCES ID : CURRENCY_STONE_PIECE_C 
(Filename: C:\buildslave\unity\build\Runtime/Export/Debug/Debug.bindings.h Line: 35)

RESOURCES FOUND : PLANT_MARIGOLD_3 / PLANT_MARIGOLD_3 
(Filename: C:\buildslave\unity\build\Runtime/Export/Debug/Debug.bindings.h Line: 35)

RESOURCES FOUND : PLANT_POTATO_2 / PLANT_POTATO_2 
(Filename: C:\buildslave\unity\build\Runtime/Export/Debug/Debug.bindings.h Line: 35)

RESOURCES FOUND : PLANT_MARIGOLD_2 / PLANT_MARIGOLD_2 
(Filename: C:\buildslave\unity\build\Runtime/Export/Debug/Debug.bindings.h Line: 35)

RESOURCES FOUND : PLANT_MARIGOLD_1 / PLANT_MARIGOLD_1 
(Filename: C:\buildslave\unity\build\Runtime/Export/Debug/Debug.bindings.h Line: 35)

RESOURCES FOUND : PLANT_SNOWBERRY_3 / PLANT_SNOWBERRY_3 
(Filename: C:\buildslave\unity\build\Runtime/Export/Debug/Debug.bindings.h Line: 35)

RESOURCES FOUND : PLANT_ORCHID_0 / PLANT_ORCHID_0 
(Filename: C:\buildslave\unity\build\Runtime/Export/Debug/Debug.bindings.h Line: 35)

RESOURCES FOUND : PLANT_SNOWBERRY_0 / PLANT_SNOWBERRY_0 
(Filename: C:\buildslave\unity\build\Runtime/Export/Debug/Debug.bindings.h Line: 35)

RESOURCES FOUND : PLANT_ORCHID_2 / PLANT_ORCHID_2 
(Filename: C:\buildslave\unity\build\Runtime/Export/Debug/Debug.bindings.h Line: 35)

RESOURCES FOUND : PLANT_POTATO_0 / PLANT_POTATO_0 
(Filename: C:\buildslave\unity\build\Runtime/Export/Debug/Debug.bindings.h Line: 35)

FAST_TRAVEL_MOONBURY_TOWN_01 / True 
(Filename: C:\buildslave\unity\build\Runtime/Export/Debug/Debug.bindings.h Line: 35)

ReleaseEnemyAndUpdateTempData_FIELD Field ID : SNOW_FIELD_1 
(Filename: C:\buildslave\unity\build\Runtime/Export/Debug/Debug.bindings.h Line: 35)

[1331 - RemoteStorageFileWriteAsyncComplete] - k_EResultOK 
(Filename: C:\buildslave\unity\build\Runtime/Export/Debug/Debug.bindings.h Line: 35)

MEMORY MAX SCORE : 3 
(Filename: C:\buildslave\unity\build\Runtime/Export/Debug/Debug.bindings.h Line: 35)

CHECK STACKING EVENT TIMING : AFTER - BEFORE 
(Filename: C:\buildslave\unity\build\Runtime/Export/Debug/Debug.bindings.h Line: 35)

CHECK STACKING EVENT TIMING : AFTER - AFTER 
(Filename: C:\buildslave\unity\build\Runtime/Export/Debug/Debug.bindings.h Line: 35)

CHECK STACKING EVENT TIMING : AFTER - AFTER 
(Filename: C:\buildslave\unity\build\Runtime/Export/Debug/Debug.bindings.h Line: 35)

CHECK STACKING EVENT TIMING : AFTER - BEFORE 
(Filename: C:\buildslave\unity\build\Runtime/Export/Debug/Debug.bindings.h Line: 35)

CHECK STACKING EVENT TIMING : AFTER - AFTER 
(Filename: C:\buildslave\unity\build\Runtime/Export/Debug/Debug.bindings.h Line: 35)

CHECK STACKING EVENT TIMING : AFTER - AFTER 
(Filename: C:\buildslave\unity\build\Runtime/Export/Debug/Debug.bindings.h Line: 35)

CHECK STACKING EVENT TIMING : AFTER - BEFORE 
(Filename: C:\buildslave\unity\build\Runtime/Export/Debug/Debug.bindings.h Line: 35)

CHECK STACKING EVENT TIMING : AFTER - AFTER 
(Filename: C:\buildslave\unity\build\Runtime/Export/Debug/Debug.bindings.h Line: 35)

CHECK STACKING EVENT TIMING : AFTER - AFTER 
(Filename: C:\buildslave\unity\build\Runtime/Export/Debug/Debug.bindings.h Line: 35)

TRIGGER EVENT FAILED : ANOTHER EVENT RUNNING 
(Filename: C:\buildslave\unity\build\Runtime/Export/Debug/Debug.bindings.h Line: 35)

MC_HOUSE / True 
(Filename: C:\buildslave\unity\build\Runtime/Export/Debug/Debug.bindings.h Line: 35)

[1331 - RemoteStorageFileWriteAsyncComplete] - k_EResultOK 
(Filename: C:\buildslave\unity\build\Runtime/Export/Debug/Debug.bindings.h Line: 35)

MEMORY MAX SCORE : 13,45 
(Filename: C:\buildslave\unity\build\Runtime/Export/Debug/Debug.bindings.h Line: 35)

FAST_TRAVEL_MOONBURY_TOWN_02 / True 
(Filename: C:\buildslave\unity\build\Runtime/Export/Debug/Debug.bindings.h Line: 35)

CHECK STACKING EVENT TIMING : AFTER - BEFORE 
(Filename: C:\buildslave\unity\build\Runtime/Export/Debug/Debug.bindings.h Line: 35)

CHECK STACKING EVENT TIMING : AFTER - AFTER 
(Filename: C:\buildslave\unity\build\Runtime/Export/Debug/Debug.bindings.h Line: 35)

CHECK STACKING EVENT TIMING : AFTER - AFTER 
(Filename: C:\buildslave\unity\build\Runtime/Export/Debug/Debug.bindings.h Line: 35)

TRIGGER EVENT FAILED : ANOTHER EVENT RUNNING 
(Filename: C:\buildslave\unity\build\Runtime/Export/Debug/Debug.bindings.h Line: 35)

FAST_TRAVEL_GLAZE_ICEBERG_02 / True 
(Filename: C:\buildslave\unity\build\Runtime/Export/Debug/Debug.bindings.h Line: 35)

ReleaseEnemyAndUpdateTempData_FIELD Field ID : CITY_CLIFF 
(Filename: C:\buildslave\unity\build\Runtime/Export/Debug/Debug.bindings.h Line: 35)

RESOURCES FOUND : PLANT_SNOWBERRY_1 / PLANT_SNOWBERRY_1 
(Filename: C:\buildslave\unity\build\Runtime/Export/Debug/Debug.bindings.h Line: 35)

WOOD / STONE RESOURCES ID : CURRENCY_STONE_PIECE_C 
(Filename: C:\buildslave\unity\build\Runtime/Export/Debug/Debug.bindings.h Line: 35)

WOOD / STONE RESOURCES ID : CURRENCY_STONE_PIECE_C 
(Filename: C:\buildslave\unity\build\Runtime/Export/Debug/Debug.bindings.h Line: 35)

WOOD / STONE RESOURCES ID : CURRENCY_STONE_PIECE_C 
(Filename: C:\buildslave\unity\build\Runtime/Export/Debug/Debug.bindings.h Line: 35)

WOOD / STONE RESOURCES ID : CURRENCY_STONE_PIECE_C 
(Filename: C:\buildslave\unity\build\Runtime/Export/Debug/Debug.bindings.h Line: 35)

WOOD / STONE RESOURCES ID : CURRENCY_STONE_PIECE_C 
(Filename: C:\buildslave\unity\build\Runtime/Export/Debug/Debug.bindings.h Line: 35)

WOOD / STONE RESOURCES ID : CURRENCY_STONE_PIECE_C 
(Filename: C:\buildslave\unity\build\Runtime/Export/Debug/Debug.bindings.h Line: 35)

WOOD / STONE RESOURCES ID : CURRENCY_STONE_PIECE_C 
(Filename: C:\buildslave\unity\build\Runtime/Export/Debug/Debug.bindings.h Line: 35)

WOOD / STONE RESOURCES ID : CURRENCY_STONE_PIECE_C 
(Filename: C:\buildslave\unity\build\Runtime/Export/Debug/Debug.bindings.h Line: 35)

WOOD / STONE RESOURCES ID : CURRENCY_STONE_PIECE_C 
(Filename: C:\buildslave\unity\build\Runtime/Export/Debug/Debug.bindings.h Line: 35)

WOOD / STONE RESOURCES ID : CURRENCY_STONE_PIECE_C 
(Filename: C:\buildslave\unity\build\Runtime/Export/Debug/Debug.bindings.h Line: 35)

FAST_TRAVEL_MOONBURY_TOWN_02 / True 
(Filename: C:\buildslave\unity\build\Runtime/Export/Debug/Debug.bindings.h Line: 35)

ReleaseEnemyAndUpdateTempData_FIELD Field ID : SNOW_FIELD_1 
(Filename: C:\buildslave\unity\build\Runtime/Export/Debug/Debug.bindings.h Line: 35)

MATERIAL : MATERIAL_DAISY - 5 
(Filename: C:\buildslave\unity\build\Runtime/Export/Debug/Debug.bindings.h Line: 35)

MATERIAL : MATERIAL_BEAR_CLAW - 9 
(Filename: C:\buildslave\unity\build\Runtime/Export/Debug/Debug.bindings.h Line: 35)

MATERIAL : MATERIAL_JASMINE - 8 
(Filename: C:\buildslave\unity\build\Runtime/Export/Debug/Debug.bindings.h Line: 35)

MATERIAL : MATERIAL_BITTER_TASTING_SAP - 17 
(Filename: C:\buildslave\unity\build\Runtime/Export/Debug/Debug.bindings.h Line: 35)

MATERIAL : MATERIAL_TASTELESS_SAP - 40 
(Filename: C:\buildslave\unity\build\Runtime/Export/Debug/Debug.bindings.h Line: 35)

MATERIAL : MATERIAL_COPPER_NUGGET - 19 
(Filename: C:\buildslave\unity\build\Runtime/Export/Debug/Debug.bindings.h Line: 35)

MATERIAL : MATERIAL_BASIL - 6 
(Filename: C:\buildslave\unity\build\Runtime/Export/Debug/Debug.bindings.h Line: 35)

MATERIAL : MATERIAL_RIGID_SKIN - 6 
(Filename: C:\buildslave\unity\build\Runtime/Export/Debug/Debug.bindings.h Line: 35)

MATERIAL : MATERIAL_BUG_LEG - 5 
(Filename: C:\buildslave\unity\build\Runtime/Export/Debug/Debug.bindings.h Line: 35)

MATERIAL : MATERIAL_SAVAGE_MANE - 30 
(Filename: C:\buildslave\unity\build\Runtime/Export/Debug/Debug.bindings.h Line: 35)

MATERIAL : MATERIAL_BLACK_FUR - 18 
(Filename: C:\buildslave\unity\build\Runtime/Export/Debug/Debug.bindings.h Line: 35)

MATERIAL : MATERIAL_SILVER_NUGGET - 14 
(Filename: C:\buildslave\unity\build\Runtime/Export/Debug/Debug.bindings.h Line: 35)

MATERIAL : MATERIAL_SOUR_TASTING_SAP - 5 
(Filename: C:\buildslave\unity\build\Runtime/Export/Debug/Debug.bindings.h Line: 35)

MATERIAL : MATERIAL_FEVERFEW - 8 
(Filename: C:\buildslave\unity\build\Runtime/Export/Debug/Debug.bindings.h Line: 35)

MATERIAL : MATERIAL_LAVENDER - 2 
(Filename: C:\buildslave\unity\build\Runtime/Export/Debug/Debug.bindings.h Line: 35)

MATERIAL : MATERIAL_SUNFLOWER - 5 
(Filename: C:\buildslave\unity\build\Runtime/Export/Debug/Debug.bindings.h Line: 35)

MATERIAL : MATERIAL_SPORE - 2 
(Filename: C:\buildslave\unity\build\Runtime/Export/Debug/Debug.bindings.h Line: 35)

MATERIAL : MATERIAL_LEMON_BALM - 3 
(Filename: C:\buildslave\unity\build\Runtime/Export/Debug/Debug.bindings.h Line: 35)

MATERIAL : MATERIAL_GOLD_NUGGET - 5 
(Filename: C:\buildslave\unity\build\Runtime/Export/Debug/Debug.bindings.h Line: 35)

MATERIAL : MATERIAL_PREMIUM_PELT - 1 
(Filename: C:\buildslave\unity\build\Runtime/Export/Debug/Debug.bindings.h Line: 35)

MATERIAL : MATERIAL_OMINOUS_TONGUE - 1 
(Filename: C:\buildslave\unity\build\Runtime/Export/Debug/Debug.bindings.h Line: 35)

MATERIAL : MATERIAL_QUALITY_NUT - 2 
(Filename: C:\buildslave\unity\build\Runtime/Export/Debug/Debug.bindings.h Line: 35)

MATERIAL : EMPTY - 0 
(Filename: C:\buildslave\unity\build\Runtime/Export/Debug/Debug.bindings.h Line: 35)

MATERIAL : EMPTY - 0 
(Filename: C:\buildslave\unity\build\Runtime/Export/Debug/Debug.bindings.h Line: 35)

MATERIAL : EMPTY - 0 
(Filename: C:\buildslave\unity\build\Runtime/Export/Debug/Debug.bindings.h Line: 35)

MATERIAL : EMPTY - 0 
(Filename: C:\buildslave\unity\build\Runtime/Export/Debug/Debug.bindings.h Line: 35)

MATERIAL : EMPTY - 0 
(Filename: C:\buildslave\unity\build\Runtime/Export/Debug/Debug.bindings.h Line: 35)

MATERIAL : EMPTY - 0 
(Filename: C:\buildslave\unity\build\Runtime/Export/Debug/Debug.bindings.h Line: 35)

MATERIAL : EMPTY - 0 
(Filename: C:\buildslave\unity\build\Runtime/Export/Debug/Debug.bindings.h Line: 35)

MATERIAL : EMPTY - 0 
(Filename: C:\buildslave\unity\build\Runtime/Export/Debug/Debug.bindings.h Line: 35)

MATERIAL : EMPTY - 0 
(Filename: C:\buildslave\unity\build\Runtime/Export/Debug/Debug.bindings.h Line: 35)

MATERIAL : EMPTY - 0 
(Filename: C:\buildslave\unity\build\Runtime/Export/Debug/Debug.bindings.h Line: 35)

MATERIAL : EMPTY - 0 
(Filename: C:\buildslave\unity\build\Runtime/Export/Debug/Debug.bindings.h Line: 35)

MATERIAL : EMPTY - 0 
(Filename: C:\buildslave\unity\build\Runtime/Export/Debug/Debug.bindings.h Line: 35)

MATERIAL : EMPTY - 0 
(Filename: C:\buildslave\unity\build\Runtime/Export/Debug/Debug.bindings.h Line: 35)

MATERIAL : EMPTY - 0 
(Filename: C:\buildslave\unity\build\Runtime/Export/Debug/Debug.bindings.h Line: 35)

MATERIAL : EMPTY - 0 
(Filename: C:\buildslave\unity\build\Runtime/Export/Debug/Debug.bindings.h Line: 35)

MATERIAL : EMPTY - 0 
(Filename: C:\buildslave\unity\build\Runtime/Export/Debug/Debug.bindings.h Line: 35)

MATERIAL : EMPTY - 0 
(Filename: C:\buildslave\unity\build\Runtime/Export/Debug/Debug.bindings.h Line: 35)

MATERIAL : EMPTY - 0 
(Filename: C:\buildslave\unity\build\Runtime/Export/Debug/Debug.bindings.h Line: 35)

MATERIAL : EMPTY - 0 
(Filename: C:\buildslave\unity\build\Runtime/Export/Debug/Debug.bindings.h Line: 35)

MATERIAL : EMPTY - 0 
(Filename: C:\buildslave\unity\build\Runtime/Export/Debug/Debug.bindings.h Line: 35)

MATERIAL : EMPTY - 0 
(Filename: C:\buildslave\unity\build\Runtime/Export/Debug/Debug.bindings.h Line: 35)

MATERIAL : EMPTY - 0 
(Filename: C:\buildslave\unity\build\Runtime/Export/Debug/Debug.bindings.h Line: 35)

MATERIAL : EMPTY - 0 
(Filename: C:\buildslave\unity\build\Runtime/Export/Debug/Debug.bindings.h Line: 35)

MATERIAL : EMPTY - 0 
(Filename: C:\buildslave\unity\build\Runtime/Export/Debug/Debug.bindings.h Line: 35)

MATERIAL : EMPTY - 0 
(Filename: C:\buildslave\unity\build\Runtime/Export/Debug/Debug.bindings.h Line: 35)

MATERIAL : EMPTY - 0 
(Filename: C:\buildslave\unity\build\Runtime/Export/Debug/Debug.bindings.h Line: 35)

MATERIAL : MATERIAL_DAISY - 5 
(Filename: C:\buildslave\unity\build\Runtime/Export/Debug/Debug.bindings.h Line: 35)

MATERIAL : MATERIAL_BEAR_CLAW - 9 
(Filename: C:\buildslave\unity\build\Runtime/Export/Debug/Debug.bindings.h Line: 35)

MATERIAL : MATERIAL_JASMINE - 8 
(Filename: C:\buildslave\unity\build\Runtime/Export/Debug/Debug.bindings.h Line: 35)

MATERIAL : MATERIAL_BITTER_TASTING_SAP - 17 
(Filename: C:\buildslave\unity\build\Runtime/Export/Debug/Debug.bindings.h Line: 35)

MATERIAL : MATERIAL_TASTELESS_SAP - 40 
(Filename: C:\buildslave\unity\build\Runtime/Export/Debug/Debug.bindings.h Line: 35)

MATERIAL : MATERIAL_COPPER_NUGGET - 19 
(Filename: C:\buildslave\unity\build\Runtime/Export/Debug/Debug.bindings.h Line: 35)

MATERIAL : MATERIAL_BASIL - 6 
(Filename: C:\buildslave\unity\build\Runtime/Export/Debug/Debug.bindings.h Line: 35)

MATERIAL : MATERIAL_RIGID_SKIN - 6 
(Filename: C:\buildslave\unity\build\Runtime/Export/Debug/Debug.bindings.h Line: 35)

MATERIAL : MATERIAL_BUG_LEG - 5 
(Filename: C:\buildslave\unity\build\Runtime/Export/Debug/Debug.bindings.h Line: 35)

MATERIAL : MATERIAL_SAVAGE_MANE - 30 
(Filename: C:\buildslave\unity\build\Runtime/Export/Debug/Debug.bindings.h Line: 35)

MATERIAL : MATERIAL_BLACK_FUR - 18 
(Filename: C:\buildslave\unity\build\Runtime/Export/Debug/Debug.bindings.h Line: 35)

MATERIAL : MATERIAL_SILVER_NUGGET - 14 
(Filename: C:\buildslave\unity\build\Runtime/Export/Debug/Debug.bindings.h Line: 35)

MATERIAL : MATERIAL_SOUR_TASTING_SAP - 5 
(Filename: C:\buildslave\unity\build\Runtime/Export/Debug/Debug.bindings.h Line: 35)

MATERIAL : MATERIAL_FEVERFEW - 8 
(Filename: C:\buildslave\unity\build\Runtime/Export/Debug/Debug.bindings.h Line: 35)

MATERIAL : MATERIAL_LAVENDER - 2 
(Filename: C:\buildslave\unity\build\Runtime/Export/Debug/Debug.bindings.h Line: 35)

MATERIAL : MATERIAL_SUNFLOWER - 5 
(Filename: C:\buildslave\unity\build\Runtime/Export/Debug/Debug.bindings.h Line: 35)

MATERIAL : MATERIAL_SPORE - 2 
(Filename: C:\buildslave\unity\build\Runtime/Export/Debug/Debug.bindings.h Line: 35)

MATERIAL : MATERIAL_LEMON_BALM - 3 
(Filename: C:\buildslave\unity\build\Runtime/Export/Debug/Debug.bindings.h Line: 35)

MATERIAL : MATERIAL_GOLD_NUGGET - 5 
(Filename: C:\buildslave\unity\build\Runtime/Export/Debug/Debug.bindings.h Line: 35)

MATERIAL : MATERIAL_PREMIUM_PELT - 1 
(Filename: C:\buildslave\unity\build\Runtime/Export/Debug/Debug.bindings.h Line: 35)

MATERIAL : MATERIAL_OMINOUS_TONGUE - 1 
(Filename: C:\buildslave\unity\build\Runtime/Export/Debug/Debug.bindings.h Line: 35)

MATERIAL : MATERIAL_QUALITY_NUT - 2 
(Filename: C:\buildslave\unity\build\Runtime/Export/Debug/Debug.bindings.h Line: 35)

MATERIAL : EMPTY - 0 
(Filename: C:\buildslave\unity\build\Runtime/Export/Debug/Debug.bindings.h Line: 35)

MATERIAL : EMPTY - 0 
(Filename: C:\buildslave\unity\build\Runtime/Export/Debug/Debug.bindings.h Line: 35)

MATERIAL : EMPTY - 0 
(Filename: C:\buildslave\unity\build\Runtime/Export/Debug/Debug.bindings.h Line: 35)

MATERIAL : EMPTY - 0 
(Filename: C:\buildslave\unity\build\Runtime/Export/Debug/Debug.bindings.h Line: 35)

MATERIAL : EMPTY - 0 
(Filename: C:\buildslave\unity\build\Runtime/Export/Debug/Debug.bindings.h Line: 35)

MATERIAL : EMPTY - 0 
(Filename: C:\buildslave\unity\build\Runtime/Export/Debug/Debug.bindings.h Line: 35)

MATERIAL : EMPTY - 0 
(Filename: C:\buildslave\unity\build\Runtime/Export/Debug/Debug.bindings.h Line: 35)

MATERIAL : EMPTY - 0 
(Filename: C:\buildslave\unity\build\Runtime/Export/Debug/Debug.bindings.h Line: 35)

MATERIAL : EMPTY - 0 
(Filename: C:\buildslave\unity\build\Runtime/Export/Debug/Debug.bindings.h Line: 35)

MATERIAL : EMPTY - 0 
(Filename: C:\buildslave\unity\build\Runtime/Export/Debug/Debug.bindings.h Line: 35)

MATERIAL : EMPTY - 0 
(Filename: C:\buildslave\unity\build\Runtime/Export/Debug/Debug.bindings.h Line: 35)

MATERIAL : EMPTY - 0 
(Filename: C:\buildslave\unity\build\Runtime/Export/Debug/Debug.bindings.h Line: 35)

MATERIAL : EMPTY - 0 
(Filename: C:\buildslave\unity\build\Runtime/Export/Debug/Debug.bindings.h Line: 35)

MATERIAL : EMPTY - 0 
(Filename: C:\buildslave\unity\build\Runtime/Export/Debug/Debug.bindings.h Line: 35)

MATERIAL : EMPTY - 0 
(Filename: C:\buildslave\unity\build\Runtime/Export/Debug/Debug.bindings.h Line: 35)

MATERIAL : EMPTY - 0 
(Filename: C:\buildslave\unity\build\Runtime/Export/Debug/Debug.bindings.h Line: 35)

MATERIAL : EMPTY - 0 
(Filename: C:\buildslave\unity\build\Runtime/Export/Debug/Debug.bindings.h Line: 35)

MATERIAL : EMPTY - 0 
(Filename: C:\buildslave\unity\build\Runtime/Export/Debug/Debug.bindings.h Line: 35)

MATERIAL : EMPTY - 0 
(Filename: C:\buildslave\unity\build\Runtime/Export/Debug/Debug.bindings.h Line: 35)

MATERIAL : EMPTY - 0 
(Filename: C:\buildslave\unity\build\Runtime/Export/Debug/Debug.bindings.h Line: 35)

MATERIAL : EMPTY - 0 
(Filename: C:\buildslave\unity\build\Runtime/Export/Debug/Debug.bindings.h Line: 35)

MATERIAL : EMPTY - 0 
(Filename: C:\buildslave\unity\build\Runtime/Export/Debug/Debug.bindings.h Line: 35)

MATERIAL : EMPTY - 0 
(Filename: C:\buildslave\unity\build\Runtime/Export/Debug/Debug.bindings.h Line: 35)

MATERIAL : EMPTY - 0 
(Filename: C:\buildslave\unity\build\Runtime/Export/Debug/Debug.bindings.h Line: 35)

MATERIAL : EMPTY - 0 
(Filename: C:\buildslave\unity\build\Runtime/Export/Debug/Debug.bindings.h Line: 35)

MATERIAL : EMPTY - 0 
(Filename: C:\buildslave\unity\build\Runtime/Export/Debug/Debug.bindings.h Line: 35)

MATERIAL : MATERIAL_DAISY - 5 
(Filename: C:\buildslave\unity\build\Runtime/Export/Debug/Debug.bindings.h Line: 35)

MATERIAL : MATERIAL_BEAR_CLAW - 9 
(Filename: C:\buildslave\unity\build\Runtime/Export/Debug/Debug.bindings.h Line: 35)

MATERIAL : MATERIAL_JASMINE - 8 
(Filename: C:\buildslave\unity\build\Runtime/Export/Debug/Debug.bindings.h Line: 35)

MATERIAL : MATERIAL_BITTER_TASTING_SAP - 17 
(Filename: C:\buildslave\unity\build\Runtime/Export/Debug/Debug.bindings.h Line: 35)

MATERIAL : MATERIAL_TASTELESS_SAP - 40 
(Filename: C:\buildslave\unity\build\Runtime/Export/Debug/Debug.bindings.h Line: 35)

MATERIAL : MATERIAL_COPPER_NUGGET - 19 
(Filename: C:\buildslave\unity\build\Runtime/Export/Debug/Debug.bindings.h Line: 35)

MATERIAL : MATERIAL_BASIL - 6 
(Filename: C:\buildslave\unity\build\Runtime/Export/Debug/Debug.bindings.h Line: 35)

MATERIAL : MATERIAL_RIGID_SKIN - 6 
(Filename: C:\buildslave\unity\build\Runtime/Export/Debug/Debug.bindings.h Line: 35)

MATERIAL : MATERIAL_BUG_LEG - 5 
(Filename: C:\buildslave\unity\build\Runtime/Export/Debug/Debug.bindings.h Line: 35)

MATERIAL : MATERIAL_SAVAGE_MANE - 30 
(Filename: C:\buildslave\unity\build\Runtime/Export/Debug/Debug.bindings.h Line: 35)

MATERIAL : MATERIAL_BLACK_FUR - 18 
(Filename: C:\buildslave\unity\build\Runtime/Export/Debug/Debug.bindings.h Line: 35)

MATERIAL : MATERIAL_SILVER_NUGGET - 14 
(Filename: C:\buildslave\unity\build\Runtime/Export/Debug/Debug.bindings.h Line: 35)

MATERIAL : MATERIAL_SOUR_TASTING_SAP - 5 
(Filename: C:\buildslave\unity\build\Runtime/Export/Debug/Debug.bindings.h Line: 35)

MATERIAL : MATERIAL_FEVERFEW - 8 
(Filename: C:\buildslave\unity\build\Runtime/Export/Debug/Debug.bindings.h Line: 35)

MATERIAL : MATERIAL_LAVENDER - 2 
(Filename: C:\buildslave\unity\build\Runtime/Export/Debug/Debug.bindings.h Line: 35)

MATERIAL : MATERIAL_SUNFLOWER - 5 
(Filename: C:\buildslave\unity\build\Runtime/Export/Debug/Debug.bindings.h Line: 35)

MATERIAL : MATERIAL_SPORE - 2 
(Filename: C:\buildslave\unity\build\Runtime/Export/Debug/Debug.bindings.h Line: 35)

MATERIAL : MATERIAL_LEMON_BALM - 3 
(Filename: C:\buildslave\unity\build\Runtime/Export/Debug/Debug.bindings.h Line: 35)

MATERIAL : MATERIAL_GOLD_NUGGET - 5 
(Filename: C:\buildslave\unity\build\Runtime/Export/Debug/Debug.bindings.h Line: 35)

MATERIAL : MATERIAL_PREMIUM_PELT - 1 
(Filename: C:\buildslave\unity\build\Runtime/Export/Debug/Debug.bindings.h Line: 35)

MATERIAL : MATERIAL_OMINOUS_TONGUE - 1 
(Filename: C:\buildslave\unity\build\Runtime/Export/Debug/Debug.bindings.h Line: 35)

MATERIAL : MATERIAL_QUALITY_NUT - 2 
(Filename: C:\buildslave\unity\build\Runtime/Export/Debug/Debug.bindings.h Line: 35)

MATERIAL : EMPTY - 0 
(Filename: C:\buildslave\unity\build\Runtime/Export/Debug/Debug.bindings.h Line: 35)

MATERIAL : EMPTY - 0 
(Filename: C:\buildslave\unity\build\Runtime/Export/Debug/Debug.bindings.h Line: 35)

MATERIAL : EMPTY - 0 
(Filename: C:\buildslave\unity\build\Runtime/Export/Debug/Debug.bindings.h Line: 35)

MATERIAL : EMPTY - 0 
(Filename: C:\buildslave\unity\build\Runtime/Export/Debug/Debug.bindings.h Line: 35)

MATERIAL : EMPTY - 0 
(Filename: C:\buildslave\unity\build\Runtime/Export/Debug/Debug.bindings.h Line: 35)

MATERIAL : EMPTY - 0 
(Filename: C:\buildslave\unity\build\Runtime/Export/Debug/Debug.bindings.h Line: 35)

MATERIAL : EMPTY - 0 
(Filename: C:\buildslave\unity\build\Runtime/Export/Debug/Debug.bindings.h Line: 35)

MATERIAL : EMPTY - 0 
(Filename: C:\buildslave\unity\build\Runtime/Export/Debug/Debug.bindings.h Line: 35)

MATERIAL : EMPTY - 0 
(Filename: C:\buildslave\unity\build\Runtime/Export/Debug/Debug.bindings.h Line: 35)

MATERIAL : EMPTY - 0 
(Filename: C:\buildslave\unity\build\Runtime/Export/Debug/Debug.bindings.h Line: 35)

MATERIAL : EMPTY - 0 
(Filename: C:\buildslave\unity\build\Runtime/Export/Debug/Debug.bindings.h Line: 35)

MATERIAL : EMPTY - 0 
(Filename: C:\buildslave\unity\build\Runtime/Export/Debug/Debug.bindings.h Line: 35)

MATERIAL : EMPTY - 0 
(Filename: C:\buildslave\unity\build\Runtime/Export/Debug/Debug.bindings.h Line: 35)

MATERIAL : EMPTY - 0 
(Filename: C:\buildslave\unity\build\Runtime/Export/Debug/Debug.bindings.h Line: 35)

MATERIAL : EMPTY - 0 
(Filename: C:\buildslave\unity\build\Runtime/Export/Debug/Debug.bindings.h Line: 35)

MATERIAL : EMPTY - 0 
(Filename: C:\buildslave\unity\build\Runtime/Export/Debug/Debug.bindings.h Line: 35)

MATERIAL : EMPTY - 0 
(Filename: C:\buildslave\unity\build\Runtime/Export/Debug/Debug.bindings.h Line: 35)

MATERIAL : EMPTY - 0 
(Filename: C:\buildslave\unity\build\Runtime/Export/Debug/Debug.bindings.h Line: 35)

MATERIAL : EMPTY - 0 
(Filename: C:\buildslave\unity\build\Runtime/Export/Debug/Debug.bindings.h Line: 35)

MATERIAL : EMPTY - 0 
(Filename: C:\buildslave\unity\build\Runtime/Export/Debug/Debug.bindings.h Line: 35)

MATERIAL : EMPTY - 0 
(Filename: C:\buildslave\unity\build\Runtime/Export/Debug/Debug.bindings.h Line: 35)

MATERIAL : EMPTY - 0 
(Filename: C:\buildslave\unity\build\Runtime/Export/Debug/Debug.bindings.h Line: 35)

MATERIAL : EMPTY - 0 
(Filename: C:\buildslave\unity\build\Runtime/Export/Debug/Debug.bindings.h Line: 35)

MATERIAL : EMPTY - 0 
(Filename: C:\buildslave\unity\build\Runtime/Export/Debug/Debug.bindings.h Line: 35)

MATERIAL : EMPTY - 0 
(Filename: C:\buildslave\unity\build\Runtime/Export/Debug/Debug.bindings.h Line: 35)

MATERIAL : EMPTY - 0 
(Filename: C:\buildslave\unity\build\Runtime/Export/Debug/Debug.bindings.h Line: 35)

MATERIAL : FOOD_APPLE_JUICE - 6 
(Filename: C:\buildslave\unity\build\Runtime/Export/Debug/Debug.bindings.h Line: 35)

MATERIAL : FOOD_HONEY - 7 
(Filename: C:\buildslave\unity\build\Runtime/Export/Debug/Debug.bindings.h Line: 35)

MATERIAL : FOOD_MUSHROOM_SOUP - 1 
(Filename: C:\buildslave\unity\build\Runtime/Export/Debug/Debug.bindings.h Line: 35)

MATERIAL : FOOD_MILKSHAKE - 1 
(Filename: C:\buildslave\unity\build\Runtime/Export/Debug/Debug.bindings.h Line: 35)

MATERIAL : FOOD_GINGER - 13 
(Filename: C:\buildslave\unity\build\Runtime/Export/Debug/Debug.bindings.h Line: 35)

MATERIAL : FOOD_CORN - 6 
(Filename: C:\buildslave\unity\build\Runtime/Export/Debug/Debug.bindings.h Line: 35)

MATERIAL : FOOD_TRUFFLE - 2 
(Filename: C:\buildslave\unity\build\Runtime/Export/Debug/Debug.bindings.h Line: 35)

MATERIAL : FOOD_FAIRY_BISCUIT - 2 
(Filename: C:\buildslave\unity\build\Runtime/Export/Debug/Debug.bindings.h Line: 35)

MATERIAL : FOOD_APPLE_JUICE - 6 
(Filename: C:\buildslave\unity\build\Runtime/Export/Debug/Debug.bindings.h Line: 35)

MATERIAL : FOOD_HONEY - 7 
(Filename: C:\buildslave\unity\build\Runtime/Export/Debug/Debug.bindings.h Line: 35)

MATERIAL : FOOD_MUSHROOM_SOUP - 1 
(Filename: C:\buildslave\unity\build\Runtime/Export/Debug/Debug.bindings.h Line: 35)

MATERIAL : FOOD_MILKSHAKE - 1 
(Filename: C:\buildslave\unity\build\Runtime/Export/Debug/Debug.bindings.h Line: 35)

MATERIAL : FOOD_GINGER - 13 
(Filename: C:\buildslave\unity\build\Runtime/Export/Debug/Debug.bindings.h Line: 35)

MATERIAL : FOOD_CORN - 6 
(Filename: C:\buildslave\unity\build\Runtime/Export/Debug/Debug.bindings.h Line: 35)

MATERIAL : FOOD_TRUFFLE - 2 
(Filename: C:\buildslave\unity\build\Runtime/Export/Debug/Debug.bindings.h Line: 35)

MATERIAL : FOOD_FAIRY_BISCUIT - 2 
(Filename: C:\buildslave\unity\build\Runtime/Export/Debug/Debug.bindings.h Line: 35)

FAST_TRAVEL_GLAZE_ICEBERG_02 / True 
(Filename: C:\buildslave\unity\build\Runtime/Export/Debug/Debug.bindings.h Line: 35)

ReleaseEnemyAndUpdateTempData_FIELD Field ID : CITY_CLIFF 
(Filename: C:\buildslave\unity\build\Runtime/Export/Debug/Debug.bindings.h Line: 35)

WOOD / STONE RESOURCES ID : CURRENCY_WOOD_PIECE_B 
(Filename: C:\buildslave\unity\build\Runtime/Export/Debug/Debug.bindings.h Line: 35)

WOOD / STONE RESOURCES ID : CURRENCY_WOOD_PIECE_B 
(Filename: C:\buildslave\unity\build\Runtime/Export/Debug/Debug.bindings.h Line: 35)

WOOD / STONE RESOURCES ID : CURRENCY_WOOD_PIECE_B 
(Filename: C:\buildslave\unity\build\Runtime/Export/Debug/Debug.bindings.h Line: 35)

WOOD / STONE RESOURCES ID : CURRENCY_WOOD_PIECE_B 
(Filename: C:\buildslave\unity\build\Runtime/Export/Debug/Debug.bindings.h Line: 35)

WOOD / STONE RESOURCES ID : CURRENCY_WOOD_PIECE_B 
(Filename: C:\buildslave\unity\build\Runtime/Export/Debug/Debug.bindings.h Line: 35)

WOOD / STONE RESOURCES ID : CURRENCY_WOOD_PIECE_B 
(Filename: C:\buildslave\unity\build\Runtime/Export/Debug/Debug.bindings.h Line: 35)

WOOD / STONE RESOURCES ID : CURRENCY_WOOD_PIECE_B 
(Filename: C:\buildslave\unity\build\Runtime/Export/Debug/Debug.bindings.h Line: 35)

WOOD / STONE RESOURCES ID : CURRENCY_WOOD_PIECE_B 
(Filename: C:\buildslave\unity\build\Runtime/Export/Debug/Debug.bindings.h Line: 35)

WOOD / STONE RESOURCES ID : CURRENCY_WOOD_PIECE_B 
(Filename: C:\buildslave\unity\build\Runtime/Export/Debug/Debug.bindings.h Line: 35)

WOOD / STONE RESOURCES ID : CURRENCY_WOOD_PIECE_B 
(Filename: C:\buildslave\unity\build\Runtime/Export/Debug/Debug.bindings.h Line: 35)

WOOD / STONE RESOURCES ID : CURRENCY_WOOD_PIECE_B 
(Filename: C:\buildslave\unity\build\Runtime/Export/Debug/Debug.bindings.h Line: 35)

RESOURCES FOUND : PLANT_SNOWBERRY_2 / PLANT_SNOWBERRY_2 
(Filename: C:\buildslave\unity\build\Runtime/Export/Debug/Debug.bindings.h Line: 35)

RESOURCES FOUND : PLANT_SNOWBERRY_2 / PLANT_SNOWBERRY_2 
(Filename: C:\buildslave\unity\build\Runtime/Export/Debug/Debug.bindings.h Line: 35)

WOOD / STONE RESOURCES ID : CURRENCY_WOOD_PIECE_C 
(Filename: C:\buildslave\unity\build\Runtime/Export/Debug/Debug.bindings.h Line: 35)

WOOD / STONE RESOURCES ID : CURRENCY_WOOD_PIECE_C 
(Filename: C:\buildslave\unity\build\Runtime/Export/Debug/Debug.bindings.h Line: 35)

WOOD / STONE RESOURCES ID : CURRENCY_WOOD_PIECE_C 
(Filename: C:\buildslave\unity\build\Runtime/Export/Debug/Debug.bindings.h Line: 35)

WOOD / STONE RESOURCES ID : CURRENCY_WOOD_PIECE_C 
(Filename: C:\buildslave\unity\build\Runtime/Export/Debug/Debug.bindings.h Line: 35)

WOOD / STONE RESOURCES ID : CURRENCY_WOOD_PIECE_C 
(Filename: C:\buildslave\unity\build\Runtime/Export/Debug/Debug.bindings.h Line: 35)

WOOD / STONE RESOURCES ID : CURRENCY_WOOD_PIECE_C 
(Filename: C:\buildslave\unity\build\Runtime/Export/Debug/Debug.bindings.h Line: 35)

RESOURCES FOUND : PLANT_POTATO_2 / PLANT_POTATO_2 
(Filename: C:\buildslave\unity\build\Runtime/Export/Debug/Debug.bindings.h Line: 35)

WOOD / STONE RESOURCES ID : CURRENCY_WOOD_PIECE_C 
(Filename: C:\buildslave\unity\build\Runtime/Export/Debug/Debug.bindings.h Line: 35)

WOOD / STONE RESOURCES ID : CURRENCY_WOOD_PIECE_C 
(Filename: C:\buildslave\unity\build\Runtime/Export/Debug/Debug.bindings.h Line: 35)

WOOD / STONE RESOURCES ID : CURRENCY_WOOD_PIECE_C 
(Filename: C:\buildslave\unity\build\Runtime/Export/Debug/Debug.bindings.h Line: 35)

WOOD / STONE RESOURCES ID : CURRENCY_WOOD_PIECE_C 
(Filename: C:\buildslave\unity\build\Runtime/Export/Debug/Debug.bindings.h Line: 35)

WOOD / STONE RESOURCES ID : CURRENCY_WOOD_PIECE_C 
(Filename: C:\buildslave\unity\build\Runtime/Export/Debug/Debug.bindings.h Line: 35)

WOOD / STONE RESOURCES ID : CURRENCY_WOOD_PIECE_C 
(Filename: C:\buildslave\unity\build\Runtime/Export/Debug/Debug.bindings.h Line: 35)

WOOD / STONE RESOURCES ID : CURRENCY_WOOD_PIECE_B 
(Filename: C:\buildslave\unity\build\Runtime/Export/Debug/Debug.bindings.h Line: 35)

WOOD / STONE RESOURCES ID : CURRENCY_WOOD_PIECE_B 
(Filename: C:\buildslave\unity\build\Runtime/Export/Debug/Debug.bindings.h Line: 35)

WOOD / STONE RESOURCES ID : CURRENCY_WOOD_PIECE_B 
(Filename: C:\buildslave\unity\build\Runtime/Export/Debug/Debug.bindings.h Line: 35)

WOOD / STONE RESOURCES ID : CURRENCY_WOOD_PIECE_B 
(Filename: C:\buildslave\unity\build\Runtime/Export/Debug/Debug.bindings.h Line: 35)

WOOD / STONE RESOURCES ID : CURRENCY_WOOD_PIECE_B 
(Filename: C:\buildslave\unity\build\Runtime/Export/Debug/Debug.bindings.h Line: 35)

WOOD / STONE RESOURCES ID : CURRENCY_WOOD_PIECE_B 
(Filename: C:\buildslave\unity\build\Runtime/Export/Debug/Debug.bindings.h Line: 35)

WOOD / STONE RESOURCES ID : CURRENCY_WOOD_PIECE_B 
(Filename: C:\buildslave\unity\build\Runtime/Export/Debug/Debug.bindings.h Line: 35)

WOOD / STONE RESOURCES ID : CURRENCY_WOOD_PIECE_B 
(Filename: C:\buildslave\unity\build\Runtime/Export/Debug/Debug.bindings.h Line: 35)

WOOD / STONE RESOURCES ID : CURRENCY_WOOD_PIECE_B 
(Filename: C:\buildslave\unity\build\Runtime/Export/Debug/Debug.bindings.h Line: 35)

WOOD / STONE RESOURCES ID : CURRENCY_WOOD_PIECE_B 
(Filename: C:\buildslave\unity\build\Runtime/Export/Debug/Debug.bindings.h Line: 35)

WOOD / STONE RESOURCES ID : CURRENCY_WOOD_PIECE_B 
(Filename: C:\buildslave\unity\build\Runtime/Export/Debug/Debug.bindings.h Line: 35)

WOOD / STONE RESOURCES ID : CURRENCY_WOOD_PIECE_B 
(Filename: C:\buildslave\unity\build\Runtime/Export/Debug/Debug.bindings.h Line: 35)

WOOD / STONE RESOURCES ID : CURRENCY_WOOD_PIECE_B 
(Filename: C:\buildslave\unity\build\Runtime/Export/Debug/Debug.bindings.h Line: 35)

WOOD / STONE RESOURCES ID : CURRENCY_WOOD_PIECE_B 
(Filename: C:\buildslave\unity\build\Runtime/Export/Debug/Debug.bindings.h Line: 35)

WOOD / STONE RESOURCES ID : CURRENCY_WOOD_PIECE_B 
(Filename: C:\buildslave\unity\build\Runtime/Export/Debug/Debug.bindings.h Line: 35)

WOOD / STONE RESOURCES ID : CURRENCY_WOOD_PIECE_B 
(Filename: C:\buildslave\unity\build\Runtime/Export/Debug/Debug.bindings.h Line: 35)

WOOD / STONE RESOURCES ID : CURRENCY_WOOD_PIECE_B 
(Filename: C:\buildslave\unity\build\Runtime/Export/Debug/Debug.bindings.h Line: 35)

RESOURCES FOUND : PLANT_POTATO_2 / PLANT_POTATO_2 
(Filename: C:\buildslave\unity\build\Runtime/Export/Debug/Debug.bindings.h Line: 35)

RESOURCES FOUND : PLANT_MARIGOLD_2 / PLANT_MARIGOLD_2 
(Filename: C:\buildslave\unity\build\Runtime/Export/Debug/Debug.bindings.h Line: 35)

WOOD / STONE RESOURCES ID : CURRENCY_WOOD_PIECE_B 
(Filename: C:\buildslave\unity\build\Runtime/Export/Debug/Debug.bindings.h Line: 35)

WOOD / STONE RESOURCES ID : CURRENCY_WOOD_PIECE_B 
(Filename: C:\buildslave\unity\build\Runtime/Export/Debug/Debug.bindings.h Line: 35)

WOOD / STONE RESOURCES ID : CURRENCY_WOOD_PIECE_B 
(Filename: C:\buildslave\unity\build\Runtime/Export/Debug/Debug.bindings.h Line: 35)

WOOD / STONE RESOURCES ID : CURRENCY_WOOD_PIECE_B 
(Filename: C:\buildslave\unity\build\Runtime/Export/Debug/Debug.bindings.h Line: 35)

WOOD / STONE RESOURCES ID : CURRENCY_WOOD_PIECE_B 
(Filename: C:\buildslave\unity\build\Runtime/Export/Debug/Debug.bindings.h Line: 35)

RESOURCES FOUND : PLANT_ROSE_2 / PLANT_ROSE_2 
(Filename: C:\buildslave\unity\build\Runtime/Export/Debug/Debug.bindings.h Line: 35)

RESOURCES FOUND : PLANT_POTATO_3 / PLANT_POTATO_3 
(Filename: C:\buildslave\unity\build\Runtime/Export/Debug/Debug.bindings.h Line: 35)

WOOD / STONE RESOURCES ID : CURRENCY_WOOD_PIECE_C 
(Filename: C:\buildslave\unity\build\Runtime/Export/Debug/Debug.bindings.h Line: 35)

WOOD / STONE RESOURCES ID : CURRENCY_WOOD_PIECE_C 
(Filename: C:\buildslave\unity\build\Runtime/Export/Debug/Debug.bindings.h Line: 35)

WOOD / STONE RESOURCES ID : CURRENCY_WOOD_PIECE_C 
(Filename: C:\buildslave\unity\build\Runtime/Export/Debug/Debug.bindings.h Line: 35)

WOOD / STONE RESOURCES ID : CURRENCY_WOOD_PIECE_C 
(Filename: C:\buildslave\unity\build\Runtime/Export/Debug/Debug.bindings.h Line: 35)

WOOD / STONE RESOURCES ID : CURRENCY_WOOD_PIECE_C 
(Filename: C:\buildslave\unity\build\Runtime/Export/Debug/Debug.bindings.h Line: 35)

WOOD / STONE RESOURCES ID : CURRENCY_WOOD_PIECE_C 
(Filename: C:\buildslave\unity\build\Runtime/Export/Debug/Debug.bindings.h Line: 35)

RESOURCES FOUND : PLANT_ROSE_2 / PLANT_ROSE_2 
(Filename: C:\buildslave\unity\build\Runtime/Export/Debug/Debug.bindings.h Line: 35)

MC_HOUSE / True 
(Filename: C:\buildslave\unity\build\Runtime/Export/Debug/Debug.bindings.h Line: 35)

ReleaseEnemyAndUpdateTempData_FIELD Field ID : SNOW_FIELD_1 
(Filename: C:\buildslave\unity\build\Runtime/Export/Debug/Debug.bindings.h Line: 35)

MC_HOUSE / True 
(Filename: C:\buildslave\unity\build\Runtime/Export/Debug/Debug.bindings.h Line: 35)

[1331 - RemoteStorageFileWriteAsyncComplete] - k_EResultOK 
(Filename: C:\buildslave\unity\build\Runtime/Export/Debug/Debug.bindings.h Line: 35)

Setting up 3 worker threads for Enlighten.
  Thread -> id: 3de0 -> priority: 1 
  Thread -> id: 4a14 -> priority: 1 
  Thread -> id: 4994 -> priority: 1 
