Mono path[0] = 'D:/Potion.Permit/Potion Permit_Data/Managed'
Mono config path = 'D:/Potion.Permit/MonoBleedingEdge/etc'
Initialize engine version: 2020.1.1f1 (2285c3239188)
[Subsystems] Discovering subsystems at path D:/Potion.Permit/Potion Permit_Data/UnitySubsystems
GfxDevice: creating device client; threaded=1
Direct3D:
    Version:  Direct3D 11.0 [level 11.1]
    Renderer: AMD Radeon RX 6700 XT (ID=0x73df)
    Vendor:   
    VRAM:     12243 MB
    Driver:   30.0.21020.2
Begin MonoManager ReloadAssembly
- Completed reload, in  0.076 seconds
D3D11 device created for Microsoft Media Foundation video decoding.
<RI> Initializing input.
<RI> Input initialized.
<RI> Initialized touch support.
The referenced script (GogGalaxyManager) on this Behaviour is missing! 
(Filename:  Line: 198)

The referenced script on this Behaviour (Game Object 'GogGalaxyManager') is missing! 
(Filename:  Line: 334)

UnloadTime: 0.634700 ms
InControl (version 1.8.7 build 9372) 
(Filename: C:\buildslave\unity\build\Runtime/Export/Debug/Debug.bindings.h Line: 35)

[1331 - RemoteStorageFileWriteAsyncComplete] - k_EResultOK 
(Filename: C:\buildslave\unity\build\Runtime/Export/Debug/Debug.bindings.h Line: 35)

The referenced script on this Behaviour (Game Object 'CUTSCENE_CHEAT_LAYOUT') is missing! 
(Filename:  Line: 334)

The referenced script on this Behaviour (Game Object 'CUTSCENE_CHEAT_PAGE') is missing! 
(Filename:  Line: 334)

Unloading 6 Unused Serialized files (Serialized files now loaded: 38)
UnloadTime: 2.295200 ms
MEMORY MAX SCORE : 100 
(Filename: C:\buildslave\unity\build\Runtime/Export/Debug/Debug.bindings.h Line: 35)

SetSprite - Sprite not found in collection: BLANK 
(Filename: C:\buildslave\unity\build\Runtime/Export/Debug/Debug.bindings.h Line: 35)

SetSprite - Sprite not found in collection: BLANK 
(Filename: C:\buildslave\unity\build\Runtime/Export/Debug/Debug.bindings.h Line: 35)

SetSprite - Sprite not found in collection: BLANK 
(Filename: C:\buildslave\unity\build\Runtime/Export/Debug/Debug.bindings.h Line: 35)

SetSprite - Sprite not found in collection: BLANK 
(Filename: C:\buildslave\unity\build\Runtime/Export/Debug/Debug.bindings.h Line: 35)

SetSprite - Sprite not found in collection: BLANK 
(Filename: C:\buildslave\unity\build\Runtime/Export/Debug/Debug.bindings.h Line: 35)

SetSprite - Sprite not found in collection: BLANK 
(Filename: C:\buildslave\unity\build\Runtime/Export/Debug/Debug.bindings.h Line: 35)

SetSprite - Sprite not found in collection: BLANK 
(Filename: C:\buildslave\unity\build\Runtime/Export/Debug/Debug.bindings.h Line: 35)

SetSprite - Sprite not found in collection: BLANK 
(Filename: C:\buildslave\unity\build\Runtime/Export/Debug/Debug.bindings.h Line: 35)

SetSprite - Sprite not found in collection: BLANK 
(Filename: C:\buildslave\unity\build\Runtime/Export/Debug/Debug.bindings.h Line: 35)

SetSprite - Sprite not found in collection: BLANK 
(Filename: C:\buildslave\unity\build\Runtime/Export/Debug/Debug.bindings.h Line: 35)

SetSprite - Sprite not found in collection: BLANK 
(Filename: C:\buildslave\unity\build\Runtime/Export/Debug/Debug.bindings.h Line: 35)

SetSprite - Sprite not found in collection: BLANK 
(Filename: C:\buildslave\unity\build\Runtime/Export/Debug/Debug.bindings.h Line: 35)

SetSprite - Sprite not found in collection: BLANK 
(Filename: C:\buildslave\unity\build\Runtime/Export/Debug/Debug.bindings.h Line: 35)

SetSprite - Sprite not found in collection: BLANK 
(Filename: C:\buildslave\unity\build\Runtime/Export/Debug/Debug.bindings.h Line: 35)

SetSprite - Sprite not found in collection: BLANK 
(Filename: C:\buildslave\unity\build\Runtime/Export/Debug/Debug.bindings.h Line: 35)

SetSprite - Sprite not found in collection: BLANK 
(Filename: C:\buildslave\unity\build\Runtime/Export/Debug/Debug.bindings.h Line: 35)

SetSprite - Sprite not found in collection: BLANK 
(Filename: C:\buildslave\unity\build\Runtime/Export/Debug/Debug.bindings.h Line: 35)

SetSprite - Sprite not found in collection: BLANK 
(Filename: C:\buildslave\unity\build\Runtime/Export/Debug/Debug.bindings.h Line: 35)

SetSprite - Sprite not found in collection: BLANK 
(Filename: C:\buildslave\unity\build\Runtime/Export/Debug/Debug.bindings.h Line: 35)

SetSprite - Sprite not found in collection: BLANK 
(Filename: C:\buildslave\unity\build\Runtime/Export/Debug/Debug.bindings.h Line: 35)

SetSprite - Sprite not found in collection: BLANK 
(Filename: C:\buildslave\unity\build\Runtime/Export/Debug/Debug.bindings.h Line: 35)

SetSprite - Sprite not found in collection: BLANK 
(Filename: C:\buildslave\unity\build\Runtime/Export/Debug/Debug.bindings.h Line: 35)

SetSprite - Sprite not found in collection: BLANK 
(Filename: C:\buildslave\unity\build\Runtime/Export/Debug/Debug.bindings.h Line: 35)

SetSprite - Sprite not found in collection: BLANK 
(Filename: C:\buildslave\unity\build\Runtime/Export/Debug/Debug.bindings.h Line: 35)

SetSprite - Sprite not found in collection: BLANK 
(Filename: C:\buildslave\unity\build\Runtime/Export/Debug/Debug.bindings.h Line: 35)

SetSprite - Sprite not found in collection: BLANK 
(Filename: C:\buildslave\unity\build\Runtime/Export/Debug/Debug.bindings.h Line: 35)

SetSprite - Sprite not found in collection: BLANK 
(Filename: C:\buildslave\unity\build\Runtime/Export/Debug/Debug.bindings.h Line: 35)

SetSprite - Sprite not found in collection: BLANK 
(Filename: C:\buildslave\unity\build\Runtime/Export/Debug/Debug.bindings.h Line: 35)

SetSprite - Sprite not found in collection: BLANK 
(Filename: C:\buildslave\unity\build\Runtime/Export/Debug/Debug.bindings.h Line: 35)

SetSprite - Sprite not found in collection: BLANK 
(Filename: C:\buildslave\unity\build\Runtime/Export/Debug/Debug.bindings.h Line: 35)

SetSprite - Sprite not found in collection: BLANK 
(Filename: C:\buildslave\unity\build\Runtime/Export/Debug/Debug.bindings.h Line: 35)

SetSprite - Sprite not found in collection: BLANK 
(Filename: C:\buildslave\unity\build\Runtime/Export/Debug/Debug.bindings.h Line: 35)

SetSprite - Sprite not found in collection: BLANK 
(Filename: C:\buildslave\unity\build\Runtime/Export/Debug/Debug.bindings.h Line: 35)

SetSprite - Sprite not found in collection: BLANK 
(Filename: C:\buildslave\unity\build\Runtime/Export/Debug/Debug.bindings.h Line: 35)

SetSprite - Sprite not found in collection: BLANK 
(Filename: C:\buildslave\unity\build\Runtime/Export/Debug/Debug.bindings.h Line: 35)

SetSprite - Sprite not found in collection: BLANK 
(Filename: C:\buildslave\unity\build\Runtime/Export/Debug/Debug.bindings.h Line: 35)

SetSprite - Sprite not found in collection: BLANK 
(Filename: C:\buildslave\unity\build\Runtime/Export/Debug/Debug.bindings.h Line: 35)

SetSprite - Sprite not found in collection: BLANK 
(Filename: C:\buildslave\unity\build\Runtime/Export/Debug/Debug.bindings.h Line: 35)

SetSprite - Sprite not found in collection: BLANK 
(Filename: C:\buildslave\unity\build\Runtime/Export/Debug/Debug.bindings.h Line: 35)

SetSprite - Sprite not found in collection: BLANK 
(Filename: C:\buildslave\unity\build\Runtime/Export/Debug/Debug.bindings.h Line: 35)

CALL ON ALBUM UI 
(Filename: C:\buildslave\unity\build\Runtime/Export/Debug/Debug.bindings.h Line: 35)

SetSprite - Sprite not found in collection: BLANK 
(Filename: C:\buildslave\unity\build\Runtime/Export/Debug/Debug.bindings.h Line: 35)

SetSprite - Sprite not found in collection: BLANK 
(Filename: C:\buildslave\unity\build\Runtime/Export/Debug/Debug.bindings.h Line: 35)

SetSprite - Sprite not found in collection: BLANK 
(Filename: C:\buildslave\unity\build\Runtime/Export/Debug/Debug.bindings.h Line: 35)

SetSprite - Sprite not found in collection: BLANK 
(Filename: C:\buildslave\unity\build\Runtime/Export/Debug/Debug.bindings.h Line: 35)

SetSprite - Sprite not found in collection: BLANK 
(Filename: C:\buildslave\unity\build\Runtime/Export/Debug/Debug.bindings.h Line: 35)

SetSprite - Sprite not found in collection: BLANK 
(Filename: C:\buildslave\unity\build\Runtime/Export/Debug/Debug.bindings.h Line: 35)

SetSprite - Sprite not found in collection: BLANK 
(Filename: C:\buildslave\unity\build\Runtime/Export/Debug/Debug.bindings.h Line: 35)

SetSprite - Sprite not found in collection: BLANK 
(Filename: C:\buildslave\unity\build\Runtime/Export/Debug/Debug.bindings.h Line: 35)

SetSprite - Sprite not found in collection: BLANK 
(Filename: C:\buildslave\unity\build\Runtime/Export/Debug/Debug.bindings.h Line: 35)

SetSprite - Sprite not found in collection: BLANK 
(Filename: C:\buildslave\unity\build\Runtime/Export/Debug/Debug.bindings.h Line: 35)

SetSprite - Sprite not found in collection: BLANK 
(Filename: C:\buildslave\unity\build\Runtime/Export/Debug/Debug.bindings.h Line: 35)

SetSprite - Sprite not found in collection: BLANK 
(Filename: C:\buildslave\unity\build\Runtime/Export/Debug/Debug.bindings.h Line: 35)

SetSprite - Sprite not found in collection: BLANK 
(Filename: C:\buildslave\unity\build\Runtime/Export/Debug/Debug.bindings.h Line: 35)

SetSprite - Sprite not found in collection: BLANK 
(Filename: C:\buildslave\unity\build\Runtime/Export/Debug/Debug.bindings.h Line: 35)

SetSprite - Sprite not found in collection: BLANK 
(Filename: C:\buildslave\unity\build\Runtime/Export/Debug/Debug.bindings.h Line: 35)

SetSprite - Sprite not found in collection: BLANK 
(Filename: C:\buildslave\unity\build\Runtime/Export/Debug/Debug.bindings.h Line: 35)

SetSprite - Sprite not found in collection: BLANK 
(Filename: C:\buildslave\unity\build\Runtime/Export/Debug/Debug.bindings.h Line: 35)

SetSprite - Sprite not found in collection: BLANK 
(Filename: C:\buildslave\unity\build\Runtime/Export/Debug/Debug.bindings.h Line: 35)

SetSprite - Sprite not found in collection: BLANK 
(Filename: C:\buildslave\unity\build\Runtime/Export/Debug/Debug.bindings.h Line: 35)

SetSprite - Sprite not found in collection: BLANK 
(Filename: C:\buildslave\unity\build\Runtime/Export/Debug/Debug.bindings.h Line: 35)

SetSprite - Sprite not found in collection: BLANK 
(Filename: C:\buildslave\unity\build\Runtime/Export/Debug/Debug.bindings.h Line: 35)

SetSprite - Sprite not found in collection: BLANK 
(Filename: C:\buildslave\unity\build\Runtime/Export/Debug/Debug.bindings.h Line: 35)

SetSprite - Sprite not found in collection: BLANK 
(Filename: C:\buildslave\unity\build\Runtime/Export/Debug/Debug.bindings.h Line: 35)

SetSprite - Sprite not found in collection: BLANK 
(Filename: C:\buildslave\unity\build\Runtime/Export/Debug/Debug.bindings.h Line: 35)

SetSprite - Sprite not found in collection: BLANK 
(Filename: C:\buildslave\unity\build\Runtime/Export/Debug/Debug.bindings.h Line: 35)

SetSprite - Sprite not found in collection: BLANK 
(Filename: C:\buildslave\unity\build\Runtime/Export/Debug/Debug.bindings.h Line: 35)

SetSprite - Sprite not found in collection: BLANK 
(Filename: C:\buildslave\unity\build\Runtime/Export/Debug/Debug.bindings.h Line: 35)

SetSprite - Sprite not found in collection: BLANK 
(Filename: C:\buildslave\unity\build\Runtime/Export/Debug/Debug.bindings.h Line: 35)

SetSprite - Sprite not found in collection: BLANK 
(Filename: C:\buildslave\unity\build\Runtime/Export/Debug/Debug.bindings.h Line: 35)

SetSprite - Sprite not found in collection: BLANK 
(Filename: C:\buildslave\unity\build\Runtime/Export/Debug/Debug.bindings.h Line: 35)

SetSprite - Sprite not found in collection: BLANK 
(Filename: C:\buildslave\unity\build\Runtime/Export/Debug/Debug.bindings.h Line: 35)

SetSprite - Sprite not found in collection: BLANK 
(Filename: C:\buildslave\unity\build\Runtime/Export/Debug/Debug.bindings.h Line: 35)

SetSprite - Sprite not found in collection: BLANK 
(Filename: C:\buildslave\unity\build\Runtime/Export/Debug/Debug.bindings.h Line: 35)

SetSprite - Sprite not found in collection: BLANK 
(Filename: C:\buildslave\unity\build\Runtime/Export/Debug/Debug.bindings.h Line: 35)

SetSprite - Sprite not found in collection: BLANK 
(Filename: C:\buildslave\unity\build\Runtime/Export/Debug/Debug.bindings.h Line: 35)

SetSprite - Sprite not found in collection: BLANK 
(Filename: C:\buildslave\unity\build\Runtime/Export/Debug/Debug.bindings.h Line: 35)

SetSprite - Sprite not found in collection: BLANK 
(Filename: C:\buildslave\unity\build\Runtime/Export/Debug/Debug.bindings.h Line: 35)

SetSprite - Sprite not found in collection: BLANK 
(Filename: C:\buildslave\unity\build\Runtime/Export/Debug/Debug.bindings.h Line: 35)

SetSprite - Sprite not found in collection: BLANK 
(Filename: C:\buildslave\unity\build\Runtime/Export/Debug/Debug.bindings.h Line: 35)

SetSprite - Sprite not found in collection: BLANK 
(Filename: C:\buildslave\unity\build\Runtime/Export/Debug/Debug.bindings.h Line: 35)


Unloading 29 unused Assets to reduce memory usage. Loaded Objects now: 317922.
Total: 296.352300 ms (FindLiveObjects: 18.983500 ms CreateObjectMapping: 11.890300 ms MarkObjects: 264.965300 ms  DeleteObjects: 0.512700 ms)

CONTROL REFRESH! 
(Filename: C:\buildslave\unity\build\Runtime/Export/Debug/Debug.bindings.h Line: 35)

Setting up 3 worker threads for Enlighten.
  Thread -> id: 3e30 -> priority: 1 
  Thread -> id: 41a4 -> priority: 1 
  Thread -> id: 3e2c -> priority: 1 
Crash!!!
SymInit: Symbol-SearchPath: '.;D:\Potion.Permit;D:\Potion.Permit;C:\Windows;C:\Windows\system32;SRV*C:\websymbols*http://msdl.microsoft.com/download/symbols;', symOptions: 534, UserName: 'Lnote'
OS-Version: 10.0.0
D:\Potion.Permit\Potion Permit.exe:Potion Permit.exe (00007FF67E540000), size: 671744 (result: 0), SymType: '-deferred-', PDB: '', fileVersion: 2020.1.1.34243
C:\Windows\SYSTEM32\ntdll.dll:ntdll.dll (00007FFF4B690000), size: 2064384 (result: 0), SymType: '-deferred-', PDB: '', fileVersion: 10.0.19041.1949
C:\Windows\System32\KERNEL32.DLL:KERNEL32.DLL (00007FFF49A40000), size: 774144 (result: 0), SymType: '-deferred-', PDB: '', fileVersion: 10.0.19041.1889
C:\Windows\System32\KERNELBASE.dll:KERNELBASE.dll (00007FFF48F60000), size: 2940928 (result: 0), SymType: '-deferred-', PDB: '', fileVersion: 10.0.19041.1949
D:\Potion.Permit\UnityPlayer.dll:UnityPlayer.dll (00007FFF14640000), size: 28262400 (result: 0), SymType: '-deferred-', PDB: '', fileVersion: 2020.1.1.34243
C:\Windows\System32\USER32.dll:USER32.dll (00007FFF4AA70000), size: 1703936 (result: 0), SymType: '-deferred-', PDB: '', fileVersion: 10.0.19041.1503
C:\Windows\System32\win32u.dll:win32u.dll (00007FFF49460000), size: 139264 (result: 0), SymType: '-deferred-', PDB: '', fileVersion: 10.0.19041.2006
C:\Windows\System32\GDI32.dll:GDI32.dll (00007FFF4B350000), size: 172032 (result: 0), SymType: '-deferred-', PDB: '', fileVersion: 10.0.19041.1620
C:\Windows\System32\gdi32full.dll:gdi32full.dll (00007FFF48DB0000), size: 1093632 (result: 0), SymType: '-deferred-', PDB: '', fileVersion: 10.0.19041.2006
C:\Windows\System32\msvcp_win.dll:msvcp_win.dll (00007FFF49230000), size: 643072 (result: 0), SymType: '-deferred-', PDB: '', fileVersion: 10.0.19041.789
C:\Windows\System32\ucrtbase.dll:ucrtbase.dll (00007FFF49490000), size: 1048576 (result: 0), SymType: '-deferred-', PDB: '', fileVersion: 10.0.19041.789
C:\Windows\System32\ole32.dll:ole32.dll (00007FFF49B00000), size: 1220608 (result: 0), SymType: '-deferred-', PDB: '', fileVersion: 10.0.19041.1202
C:\Windows\System32\RPCRT4.dll:RPCRT4.dll (00007FFF4AC10000), size: 1200128 (result: 0), SymType: '-deferred-', PDB: '', fileVersion: 10.0.19041.1806
C:\Windows\System32\combase.dll:combase.dll (00007FFF49F00000), size: 3489792 (result: 0), SymType: '-deferred-', PDB: '', fileVersion: 10.0.19041.1949
C:\Windows\SYSTEM32\VERSION.dll:VERSION.dll (00007FFF40E20000), size: 40960 (result: 0), SymType: '-deferred-', PDB: '', fileVersion: 10.0.19041.546
C:\Windows\System32\msvcrt.dll:msvcrt.dll (00007FFF49D40000), size: 647168 (result: 0), SymType: '-deferred-', PDB: '', fileVersion: 7.0.19041.546
C:\Windows\System32\SHLWAPI.dll:SHLWAPI.dll (00007FFF4A9B0000), size: 348160 (result: 0), SymType: '-deferred-', PDB: '', fileVersion: 10.0.19041.1706
C:\Windows\System32\SETUPAPI.dll:SETUPAPI.dll (00007FFF4AEE0000), size: 4648960 (result: 0), SymType: '-deferred-', PDB: '', fileVersion: 10.0.19041.1741
C:\Windows\System32\cfgmgr32.dll:cfgmgr32.dll (00007FFF492D0000), size: 319488 (result: 0), SymType: '-deferred-', PDB: '', fileVersion: 10.0.19041.1620
C:\Windows\System32\bcrypt.dll:bcrypt.dll (00007FFF48EC0000), size: 159744 (result: 0), SymType: '-deferred-', PDB: '', fileVersion: 10.0.19041.1023
C:\Windows\System32\ADVAPI32.dll:ADVAPI32.dll (00007FFF49DE0000), size: 712704 (result: 0), SymType: '-deferred-', PDB: '', fileVersion: 10.0.19041.1682
C:\Windows\System32\sechost.dll:sechost.dll (00007FFF4AE40000), size: 638976 (result: 0), SymType: '-deferred-', PDB: '', fileVersion: 10.0.19041.1865
C:\Windows\System32\SHELL32.dll:SHELL32.dll (00007FFF4A260000), size: 7614464 (result: 0), SymType: '-deferred-', PDB: '', fileVersion: 10.0.19041.1949
C:\Windows\System32\OLEAUT32.dll:OLEAUT32.dll (00007FFF4AD70000), size: 839680 (result: 0), SymType: '-deferred-', PDB: '', fileVersion: 10.0.19041.985
C:\Windows\System32\IMM32.dll:IMM32.dll (00007FFF49810000), size: 196608 (result: 0), SymType: '-deferred-', PDB: '', fileVersion: 10.0.19041.546
C:\Windows\SYSTEM32\WINMM.dll:WINMM.dll (00007FFF3F410000), size: 159744 (result: 0), SymType: '-deferred-', PDB: '', fileVersion: 10.0.19041.546
C:\Windows\System32\CRYPT32.dll:CRYPT32.dll (00007FFF49590000), size: 1400832 (result: 0), SymType: '-deferred-', PDB: '', fileVersion: 10.0.19041.1889
C:\Windows\SYSTEM32\OPENGL32.dll:OPENGL32.dll (00007FFF17F00000), size: 1208320 (result: 0), SymType: '-deferred-', PDB: '', fileVersion: 10.0.19041.1806
C:\Windows\System32\WS2_32.dll:WS2_32.dll (00007FFF49E90000), size: 438272 (result: 0), SymType: '-deferred-', PDB: '', fileVersion: 10.0.19041.546
C:\Windows\SYSTEM32\WINHTTP.dll:WINHTTP.dll (00007FFF41830000), size: 1089536 (result: 0), SymType: '-deferred-', PDB: '', fileVersion: 10.0.19041.1682
C:\Windows\SYSTEM32\HID.DLL:HID.DLL (00007FFF475C0000), size: 53248 (result: 0), SymType: '-deferred-', PDB: '', fileVersion: 10.0.19041.546
C:\Windows\SYSTEM32\GLU32.dll:GLU32.dll (00007FFF3CDA0000), size: 180224 (result: 0), SymType: '-deferred-', PDB: '', fileVersion: 10.0.19041.1806
C:\Windows\SYSTEM32\kernel.appcore.dll:kernel.appcore.dll (00007FFF47640000), size: 73728 (result: 0), SymType: '-deferred-', PDB: '', fileVersion: 10.0.19041.546
C:\Windows\System32\bcryptPrimitives.dll:bcryptPrimitives.dll (00007FFF49320000), size: 532480 (result: 0), SymType: '-deferred-', PDB: '', fileVersion: 10.0.19041.1415
C:\Windows\system32\uxtheme.dll:uxtheme.dll (00007FFF46360000), size: 647168 (result: 0), SymType: '-deferred-', PDB: '', fileVersion: 10.0.19041.1620
C:\Windows\System32\shcore.dll:shcore.dll (00007FFF49930000), size: 708608 (result: 0), SymType: '-deferred-', PDB: '', fileVersion: 10.0.19041.1865
C:\Windows\SYSTEM32\windows.storage.dll:windows.storage.dll (00007FFF46CD0000), size: 7950336 (result: 0), SymType: '-deferred-', PDB: '', fileVersion: 10.0.19041.1949
C:\Windows\SYSTEM32\Wldp.dll:Wldp.dll (00007FFF48660000), size: 196608 (result: 0), SymType: '-deferred-', PDB: '', fileVersion: 10.0.19041.1949
C:\Windows\SYSTEM32\profapi.dll:profapi.dll (00007FFF48CF0000), size: 126976 (result: 0), SymType: '-deferred-', PDB: '', fileVersion: 10.0.19041.844
D:\Potion.Permit\MonoBleedingEdge\EmbedRuntime\mono-2.0-bdwgc.dll:mono-2.0-bdwgc.dll (00007FFF13ED0000), size: 7782400 (result: 0), SymType: '-deferred-', PDB: ''
C:\Windows\System32\PSAPI.DLL:PSAPI.DLL (00007FFF49920000), size: 32768 (result: 0), SymType: '-deferred-', PDB: '', fileVersion: 10.0.19041.546
C:\Windows\System32\MSCTF.dll:MSCTF.dll (00007FFF496F0000), size: 1134592 (result: 0), SymType: '-deferred-', PDB: '', fileVersion: 10.0.19041.1949
C:\Windows\SYSTEM32\d3d11.dll:d3d11.dll (00007FFF44670000), size: 2502656 (result: 0), SymType: '-deferred-', PDB: '', fileVersion: 10.0.19041.1865
C:\Windows\SYSTEM32\dxgi.dll:dxgi.dll (00007FFF47660000), size: 995328 (result: 0), SymType: '-deferred-', PDB: '', fileVersion: 10.0.19041.1806
C:\Windows\System32\DriverStore\FileRepository\u0380149.inf_amd64_8786656614ef748a\B380089\aticfx64.dll:aticfx64.dll (00007FFF3F440000), size: 1810432 (result: 0), SymType: '-deferred-', PDB: '', fileVersion: 30.0.21020.2
C:\Windows\System32\DriverStore\FileRepository\u0380149.inf_amd64_8786656614ef748a\B380089\amdxx64.dll:amdxx64.dll (00007FFF3CE80000), size: 37986304 (result: 0), SymType: '-deferred-', PDB: '', fileVersion: 30.0.21020.2
C:\Windows\SYSTEM32\POWRPROF.dll:POWRPROF.dll (00007FFF48B70000), size: 307200 (result: 0), SymType: '-deferred-', PDB: '', fileVersion: 10.0.19041.546
C:\Windows\SYSTEM32\UMPDC.dll:UMPDC.dll (00007FFF48B40000), size: 73728 (result: 0), SymType: '-deferred-', PDB: ''
C:\Windows\System32\DriverStore\FileRepository\u0380149.inf_amd64_8786656614ef748a\B380089\atidxx64.dll:atidxx64.dll (00007FFF3AD20000), size: 32960512 (result: 0), SymType: '-deferred-', PDB: '', fileVersion: 30.0.21020.2
C:\Windows\SYSTEM32\apphelp.dll:apphelp.dll (00007FFF46230000), size: 589824 (result: 0), SymType: '-deferred-', PDB: '', fileVersion: 10.0.19041.1320
C:\Windows\SYSTEM32\amdihk64.dll:amdihk64.dll (00007FFF3ACE0000), size: 217088 (result: 0), SymType: '-deferred-', PDB: '', fileVersion: 2.0.0.1788
C:\Windows\SYSTEM32\dxcore.dll:dxcore.dll (00007FFF3F870000), size: 241664 (result: 0), SymType: '-deferred-', PDB: '', fileVersion: 10.0.19041.546
C:\Windows\System32\clbcatq.dll:clbcatq.dll (00007FFF4B380000), size: 692224 (result: 0), SymType: '-deferred-', PDB: '', fileVersion: 2001.12.10941.16384
C:\Windows\system32\wbem\wbemprox.dll:wbemprox.dll (00007FFF372B0000), size: 69632 (result: 0), SymType: '-deferred-', PDB: '', fileVersion: 10.0.19041.1320
C:\Windows\SYSTEM32\wbemcomn.dll:wbemcomn.dll (00007FFF39040000), size: 589824 (result: 0), SymType: '-deferred-', PDB: '', fileVersion: 10.0.19041.1566
C:\Windows\system32\wbem\wbemsvc.dll:wbemsvc.dll (00007FFF37210000), size: 81920 (result: 0), SymType: '-deferred-', PDB: '', fileVersion: 10.0.19041.1320
C:\Windows\system32\wbem\fastprox.dll:fastprox.dll (00007FFF31EC0000), size: 1093632 (result: 0), SymType: '-deferred-', PDB: '', fileVersion: 10.0.19041.546
C:\Windows\SYSTEM32\amsi.dll:amsi.dll (00007FFF30400000), size: 131072 (result: 0), SymType: '-deferred-', PDB: '', fileVersion: 10.0.19041.1620
C:\Windows\SYSTEM32\USERENV.dll:USERENV.dll (00007FFF48CB0000), size: 188416 (result: 0), SymType: '-deferred-', PDB: '', fileVersion: 10.0.19041.572
C:\ProgramData\Microsoft\Windows Defender\Platform\4.18.2207.7-0\MpOav.dll:MpOav.dll (00007FFF30330000), size: 503808 (result: 0), SymType: '-deferred-', PDB: '', fileVersion: 4.18.2207.7
C:\Windows\System32\MMDevApi.dll:MMDevApi.dll (00007FFF430D0000), size: 544768 (result: 0), SymType: '-deferred-', PDB: '', fileVersion: 10.0.19041.1503
C:\Windows\System32\DEVOBJ.dll:DEVOBJ.dll (00007FFF48AF0000), size: 180224 (result: 0), SymType: '-deferred-', PDB: '', fileVersion: 10.0.19041.1620
C:\Windows\SYSTEM32\AUDIOSES.DLL:AUDIOSES.DLL (00007FFF43270000), size: 1581056 (result: 0), SymType: '-deferred-', PDB: '', fileVersion: 10.0.19041.1865
C:\Windows\SYSTEM32\resourcepolicyclient.dll:resourcepolicyclient.dll (00007FFF46430000), size: 81920 (result: 0), SymType: '-deferred-', PDB: '', fileVersion: 10.0.19041.546
C:\Windows\SYSTEM32\dcomp.dll:dcomp.dll (00007FFF455E0000), size: 1982464 (result: 0), SymType: '-deferred-', PDB: '', fileVersion: 10.0.19041.1741
C:\Windows\SYSTEM32\dwmapi.dll:dwmapi.dll (00007FFF46660000), size: 192512 (result: 0), SymType: '-deferred-', PDB: '', fileVersion: 10.0.19041.746
C:\Windows\SYSTEM32\textinputframework.dll:textinputframework.dll (00007FFF37520000), size: 1019904 (result: 0), SymType: '-deferred-', PDB: '', fileVersion: 10.0.19041.1806
C:\Windows\SYSTEM32\CoreUIComponents.dll:CoreUIComponents.dll (00007FFF45B50000), size: 3530752 (result: 0), SymType: '-deferred-', PDB: '', fileVersion: 10.0.19041.546
C:\Windows\SYSTEM32\CoreMessaging.dll:CoreMessaging.dll (00007FFF45F00000), size: 991232 (result: 0), SymType: '-deferred-', PDB: '', fileVersion: 10.0.19041.746
C:\Windows\SYSTEM32\ntmarta.dll:ntmarta.dll (00007FFF47A70000), size: 208896 (result: 0), SymType: '-deferred-', PDB: '', fileVersion: 10.0.19041.546
C:\Windows\SYSTEM32\wintypes.dll:wintypes.dll (00007FFF45480000), size: 1392640 (result: 0), SymType: '-deferred-', PDB: '', fileVersion: 10.0.19041.1949
C:\Windows\SYSTEM32\CRYPTSP.dll:CRYPTSP.dll (00007FFF486A0000), size: 98304 (result: 0), SymType: '-deferred-', PDB: '', fileVersion: 10.0.19041.546
C:\Windows\system32\rsaenh.dll:rsaenh.dll (00007FFF47DE0000), size: 212992 (result: 0), SymType: '-deferred-', PDB: '', fileVersion: 10.0.19041.1052
C:\Windows\SYSTEM32\CRYPTBASE.dll:CRYPTBASE.dll (00007FFF485D0000), size: 49152 (result: 0), SymType: '-deferred-', PDB: '', fileVersion: 10.0.19041.546
D:\Potion.Permit\Potion Permit_Data\Plugins\x86_64\steam_api64.dll:steam_api64.dll (00007FFF12C00000), size: 3264512 (result: 0), SymType: '-deferred-', PDB: ''
C:\Windows\SYSTEM32\IPHLPAPI.DLL:IPHLPAPI.DLL (00007FFF48150000), size: 241664 (result: 0), SymType: '-deferred-', PDB: '', fileVersion: 10.0.19041.1865
C:\Windows\SYSTEM32\XINPUT9_1_0.dll:XINPUT9_1_0.dll (00007FFF39960000), size: 28672 (result: 0), SymType: '-deferred-', PDB: '', fileVersion: 10.0.19041.1
C:\Windows\system32\mswsock.dll:mswsock.dll (00007FFF48440000), size: 434176 (result: 0), SymType: '-deferred-', PDB: '', fileVersion: 10.0.19041.546
C:\Windows\System32\NSI.dll:NSI.dll (00007FFF4B430000), size: 32768 (result: 0), SymType: '-deferred-', PDB: '', fileVersion: 10.0.19041.610
C:\Windows\SYSTEM32\dhcpcsvc.DLL:dhcpcsvc.DLL (00007FFF42C20000), size: 118784 (result: 0), SymType: '-deferred-', PDB: '', fileVersion: 10.0.19041.1949
D:\Potion.Permit\Potion Permit_Data\Plugins\x86_64\fmodstudio.dll:fmodstudio.dll (00007FFF12690000), size: 3338240 (result: 0), SymType: '-deferred-', PDB: '', fileVersion: 0.2.1.0
C:\Windows\SYSTEM32\MSACM32.dll:MSACM32.dll (00007FFF19280000), size: 122880 (result: 0), SymType: '-deferred-', PDB: '', fileVersion: 10.0.19041.1
C:\Windows\SYSTEM32\winmmbase.dll:winmmbase.dll (00007FFF39660000), size: 155648 (result: 0), SymType: '-deferred-', PDB: '', fileVersion: 10.0.19041.1
C:\Windows\SYSTEM32\dbghelp.dll:dbghelp.dll (00007FFF46AE0000), size: 1982464 (result: 0), SymType: '-deferred-', PDB: '', fileVersion: 10.0.19041.867
C:\Windows\SYSTEM32\SspiCli.dll:SspiCli.dll (00007FFF48C70000), size: 204800 (result: 0), SymType: '-deferred-', PDB: '', fileVersion: 10.0.19041.1586

========== OUTPUTTING STACK TRACE ==================

0x00007FFF12D81C93 (steam_api64) SteamAPI_ISteamGameServerStats_SetUserStat0
0x00007FFF12D8C3B8 (steam_api64) SteamAPI_ISteamGameServerStats_SetUserStat0
0x00007FFF4AA7E858 (USER32) CallWindowProcW
0x00007FFF4AA7E3DC (USER32) DispatchMessageW
0x00007FFF4AA90BC3 (USER32) SendMessageTimeoutW
0x00007FFF4B730E34 (ntdll) KiUserCallbackDispatcher
0x00007FFF49462384 (win32u) NtUserDestroyWindow
0x00007FFF14B09F80 (UnityPlayer) AbortShim::operator=
0x00007FFF4AA7E858 (USER32) CallWindowProcW
0x00007FFF4AABF924 (USER32) LoadMenuA
0x00007FFF4AABFF6B (USER32) CallWindowProcA
0x00007FFF12D8C4E0 (steam_api64) SteamAPI_ISteamGameServerStats_SetUserStat0
0x00007FFF4AA7E858 (USER32) CallWindowProcW
0x00007FFF4AA7E3DC (USER32) DispatchMessageW
0x00007FFF4AA90BC3 (USER32) SendMessageTimeoutW
0x00007FFF4B730E34 (ntdll) KiUserCallbackDispatcher
0x00007FFF49461124 (win32u) NtUserMessageCall
0x00007FFF4AA7CAF5 (USER32) GetWindowTextW
0x00007FFF4AA7C2AF (USER32) IsIconic
0x00007FFF463696F2 (uxtheme) GetUserColorPreference
0x00007FFF46383452 (uxtheme) Ordinal96
0x00007FFF4636B7D9 (uxtheme) IsCompositionActive
0x00007FFF4636B241 (uxtheme) IsCompositionActive
0x00007FFF4AA7C7E3 (USER32) GetWindowTextW
0x00007FFF14B0A3C0 (UnityPlayer) AbortShim::operator=
0x00007FFF4AA7E858 (USER32) CallWindowProcW
0x00007FFF4AABF924 (USER32) LoadMenuA
0x00007FFF4AABFF6B (USER32) CallWindowProcA
0x00007FFF12D8C4E0 (steam_api64) SteamAPI_ISteamGameServerStats_SetUserStat0
0x00007FFF4AA7E858 (USER32) CallWindowProcW
0x00007FFF4AA7E299 (USER32) DispatchMessageW
0x00007FFF14AF7BD5 (UnityPlayer) AbortShim::operator=
0x00007FFF14B08558 (UnityPlayer) AbortShim::operator=
0x00007FFF14B0C72D (UnityPlayer) AbortShim::operator=
0x00007FFF14B0D80B (UnityPlayer) UnityMain
  ERROR: SymGetSymFromAddr64, GetLastError: 'Attempt to access invalid address.' (Address: 00007FF67E5411F2)
0x00007FF67E5411F2 (Potion Permit) (function-name not available)
0x00007FFF49A57034 (KERNEL32) BaseThreadInitThunk
0x00007FFF4B6E26A1 (ntdll) RtlUserThreadStart

========== END OF STACKTRACE ===========

A crash has been intercepted by the crash handler. For call stack and other details, see the latest crash report generated in:
 * C:/Users/Lnote/AppData/Local/Temp/MasshiveMedia/Potion Permit/Crashes
